#
# A fatal error has been detected by the Java Runtime Environment:
#
#  SIGSEGV (0xb) at pc=0x00007f34550697ba, pid=2558, tid=0x00007f34478c9700
#
# JRE version: OpenJDK Runtime Environment (8.0_131-b11) (build 1.8.0_131-8u131-b11-2ubuntu1.16.04.3-b11)
# Java VM: OpenJDK 64-Bit Server VM (25.131-b11 mixed mode linux-amd64 compressed oops)
# Problematic frame:
# v  ~BufferBlob::jni_fast_GetLongField
#
# Failed to write core dump. Core dumps have been disabled. To enable core dumping, try "ulimit -c unlimited" before starting Java again
#
# If you would like to submit a bug report, please visit:
#   http://bugreport.java.com/bugreport/crash.jsp
# The crash happened outside the Java Virtual Machine in native code.
# See problematic frame for where to report the bug.
#

---------------  T H R E A D  ---------------

Current thread (0x00007f3464292800):  JavaThread "AWT-XAWT" daemon [_thread_in_native, id=2574, stack(0x00007f34477c9000,0x00007f34478ca000)]

siginfo: si_signo: 11 (SIGSEGV), si_code: 1 (SEGV_MAPERR), si_addr: 0x0000000000000000

Registers:
RAX=0x00007f346cb62040, RBX=0x00007f34642929e0, RCX=0x0000000000000000, RDX=0x0000000000000042
RSP=0x00007f34478c8838, RBP=0x00007f34478c8860, RSI=0x0000000000000000, RDI=0x00007f34642929e0
R8 =0x0000000000000320, R9 =0x0000000000000000, R10=0x0000000000000082, R11=0x00007f3455509818
R12=0x00007f33ec011730, R13=0x0000000000000000, R14=0x00007f344d990b00, R15=0x00007f3464292800
RIP=0x00007f34550697ba, EFLAGS=0x0000000000010246, CSGSFS=0x002b000000000033, ERR=0x0000000000000004
  TRAPNO=0x000000000000000e

Top of Stack: (sp=0x00007f34478c8838)
0x00007f34478c8838:   00007f344d76df74 00007f3469343d20
0x00007f34478c8848:   00007f33ec011730 00007f34478c8910
0x00007f34478c8858:   00007f34478c88e0 0000000000000000
0x00007f34478c8868:   00007f344d2503c0 00007f3469343d20
0x00007f34478c8878:   00007f34478c88a0 0000000000000000
0x00007f34478c8888:   00007f344d247f93 00007f34478c8910
0x00007f34478c8898:   00007f344d765cef 00007f34478c88f0
0x00007f34478c88a8:   00007f34555098b6 0000000000000000
0x00007f34478c88b8:   00007f34553999f6 00007f34478c8910
0x00007f34478c88c8:   00007f345511ae2c 00007f34478c8970
0x00007f34478c88d8:   00000000edec9ac0 00000000edeb5a70
0x00007f34478c88e8:   0000000000000009 00007f34478c8970
0x00007f34478c88f8:   00007f34550077d0 00007f34478c8970
0x00007f34478c8908:   00007f34550077d0 0000000000000000
0x00007f34478c8918:   00007f3455007b10 00007f3414000e30
0x00007f34478c8928:   00000000edd184c8 00007f34478c8930
0x00007f34478c8938:   00007f346943cfbc 00007f34478c89b8
0x00007f34478c8948:   00007f3469446428 0000000000000000
0x00007f34478c8958:   00007f346943d0f8 00007f34478c8910
0x00007f34478c8968:   00007f34478c89b0 00007f34478c8a00
0x00007f34478c8978:   00007f3455007ffd 0000000000000000
0x00007f34478c8988:   00000000ed4a5b38 0000000000000000
0x00007f34478c8998:   0000000000000000 0000000000000000
0x00007f34478c89a8:   00000000edd184c8 0000000000000000
0x00007f34478c89b8:   00000000edd18470 00007f34478c89c0
0x00007f34478c89c8:   00007f346943cdfd 00007f34478c8a10
0x00007f34478c89d8:   00007f3469446428 0000000000000000
0x00007f34478c89e8:   00007f346943ce08 00007f34478c89b0
0x00007f34478c89f8:   00007f34478c8a10 00007f34478c8a58
0x00007f34478c8a08:   00007f3455008042 00000000edd18470
0x00007f34478c8a18:   00007f34478c8a18 00007f3468ed999b
0x00007f34478c8a28:   00007f34478c8a68 00007f3468f610b8 

Instructions: (pc=0x00007f34550697ba)
0x00007f345506979a:   00 00 00 00 00 00 44 8b 15 2d 54 b2 17 4c 8b ce
0x00007f34550697aa:   41 f6 c2 01 0f 85 2e 00 00 00 4d 33 ca 4d 33 ca
0x00007f34550697ba:   4d 8b 09 4c 8b da 49 c1 eb 02 4b 8b 04 19 49 bb
0x00007f34550697ca:   d4 eb b8 6c 34 7f 00 00 4c 33 d8 4c 33 d8 45 3b 

Register to memory mapping:

RAX=0x00007f346cb62040: <offset 0xef7040> in /usr/lib/jvm/java-8-openjdk-amd64/jre/lib/amd64/server/libjvm.so at 0x00007f346bc6b000
RBX=0x00007f34642929e0 is an unknown value
RCX=0x0000000000000000 is an unknown value
RDX=0x0000000000000042 is an unknown value
RSP=0x00007f34478c8838 is pointing into the stack for thread: 0x00007f3464292800
RBP=0x00007f34478c8860 is pointing into the stack for thread: 0x00007f3464292800
RSI=0x0000000000000000 is an unknown value
RDI=0x00007f34642929e0 is an unknown value
R8 =0x0000000000000320 is an unknown value
R9 =0x0000000000000000 is an unknown value
R10=0x0000000000000082 is an unknown value
R11=0x00007f3455509818 is at entry_point+24 in (nmethod*)0x00007f3455509690
R12=0x00007f33ec011730 is an unknown value
R13=0x0000000000000000 is an unknown value
R14=0x00007f344d990b00: <offset 0x258b00> in /usr/lib/jvm/java-8-openjdk-amd64/jre/lib/amd64/libawt_xawt.so at 0x00007f344d738000
R15=0x00007f3464292800 is a thread


Stack: [0x00007f34477c9000,0x00007f34478ca000],  sp=0x00007f34478c8838,  free space=1022k
Native frames: (J=compiled Java code, j=interpreted, Vv=VM code, C=native code)
v  ~BufferBlob::jni_fast_GetLongField
C  [libX11.so.6+0x643c0]  _XimServerDestroy+0x70

Java frames: (J=compiled Java code, j=interpreted, Vv=VM code)
J 1380  sun.awt.X11.XlibWrapper.XFilterEvent(JJ)Z (0 bytes) @ 0x00007f3455509844 [0x00007f3455509800+0x44]
j  sun.awt.X11.XToolkit.run(Z)V+300
j  sun.awt.X11.XToolkit.run()V+5
j  java.lang.Thread.run()V+11
v  ~StubRoutines::call_stub

---------------  P R O C E S S  ---------------

Java Threads: ( => current thread )
  0x00007f3404012800 JavaThread "J3D-InputDeviceScheduler-1" [_thread_blocked, id=2593, stack(0x00007f33f33f6000,0x00007f33f34f7000)]
  0x00007f3404010800 JavaThread "J3D-SoundSchedulerUpdateThread-1" [_thread_blocked, id=2592, stack(0x00007f33f34f7000,0x00007f33f35f8000)]
  0x00007f340400f000 JavaThread "J3D-RenderStructureUpdateThread-1" [_thread_blocked, id=2591, stack(0x00007f33f35f8000,0x00007f33f36f9000)]
  0x00007f340400d800 JavaThread "J3D-BehaviorScheduler-1" [_thread_blocked, id=2590, stack(0x00007f33f36f9000,0x00007f33f37fa000)]
  0x00007f340400b800 JavaThread "J3D-TransformStructureUpdateThread-1" [_thread_blocked, id=2589, stack(0x00007f33f37fa000,0x00007f33f38fb000)]
  0x00007f3404018800 JavaThread "J3D-RenderingEnvironmentStructureUpdateThread-1" [_thread_blocked, id=2588, stack(0x00007f33f38fb000,0x00007f33f39fc000)]
  0x00007f3404017800 JavaThread "J3D-SoundStructureUpdateThread-1" [_thread_blocked, id=2587, stack(0x00007f33f39fc000,0x00007f33f3afd000)]
  0x00007f3404009000 JavaThread "J3D-GeometryStructureUpdateThread-1" [_thread_blocked, id=2586, stack(0x00007f33f3afd000,0x00007f33f3bfe000)]
  0x00007f3404005000 JavaThread "J3D-BehaviorStructureUpdateThread-1" [_thread_blocked, id=2585, stack(0x00007f33f3bfe000,0x00007f33f3cff000)]
  0x00007f346400a000 JavaThread "DestroyJavaVM" [_thread_blocked, id=2559, stack(0x00007f346d8c3000,0x00007f346d9c4000)]
  0x00007f33ec01d800 JavaThread "TimerQueue" daemon [_thread_blocked, id=2584, stack(0x00007f33f3cff000,0x00007f33f3e00000)]
  0x00007f346441b800 JavaThread "Thread-1" [_thread_in_native, id=2582, stack(0x00007f33fc06d000,0x00007f33fc16e000)]
  0x00007f34643e0800 JavaThread "AWT-EventQueue-0" [_thread_blocked, id=2581, stack(0x00007f33fc16e000,0x00007f33fc26f000)]
  0x00007f34643c6000 JavaThread "AWT-Shutdown" [_thread_blocked, id=2580, stack(0x00007f33fc26f000,0x00007f33fc370000)]
  0x00007f3404003800 JavaThread "J3D-Renderer-1" [_thread_blocked, id=2579, stack(0x00007f344518c000,0x00007f344528d000)]
  0x00007f346434d800 JavaThread "J3D-MasterControl-1" [_thread_blocked, id=2578, stack(0x00007f344548d000,0x00007f344558e000)]
  0x00007f346434c000 JavaThread "J3D-NotificationThread" [_thread_blocked, id=2577, stack(0x00007f344558e000,0x00007f344568f000)]
  0x00007f346433d000 JavaThread "J3D-TimerThread" [_thread_blocked, id=2576, stack(0x00007f344568f000,0x00007f3445790000)]
  0x00007f3464319000 JavaThread "J3D-RenderingAttributesStructureUpdateThread" [_thread_blocked, id=2575, stack(0x00007f3445790000,0x00007f3445891000)]
=>0x00007f3464292800 JavaThread "AWT-XAWT" daemon [_thread_in_native, id=2574, stack(0x00007f34477c9000,0x00007f34478ca000)]
  0x00007f346426d000 JavaThread "Java2D Disposer" daemon [_thread_blocked, id=2573, stack(0x00007f3447cda000,0x00007f3447ddb000)]
  0x00007f34640ca000 JavaThread "Service Thread" daemon [_thread_blocked, id=2571, stack(0x00007f34543f4000,0x00007f34544f5000)]
  0x00007f34640b2800 JavaThread "C1 CompilerThread2" daemon [_thread_blocked, id=2570, stack(0x00007f34544f5000,0x00007f34545f6000)]
  0x00007f34640b0800 JavaThread "C2 CompilerThread1" daemon [_thread_blocked, id=2569, stack(0x00007f34545f6000,0x00007f34546f7000)]
  0x00007f34640ae000 JavaThread "C2 CompilerThread0" daemon [_thread_blocked, id=2568, stack(0x00007f34546f7000,0x00007f34547f8000)]
  0x00007f34640ab800 JavaThread "Signal Dispatcher" daemon [_thread_blocked, id=2567, stack(0x00007f34547f8000,0x00007f34548f9000)]
  0x00007f3464083800 JavaThread "Finalizer" daemon [_thread_blocked, id=2566, stack(0x00007f34548f9000,0x00007f34549fa000)]
  0x00007f346407f000 JavaThread "Reference Handler" daemon [_thread_blocked, id=2565, stack(0x00007f34549fa000,0x00007f3454afb000)]

Other Threads:
  0x00007f3464077000 VMThread [stack: 0x00007f3454afb000,0x00007f3454bfc000] [id=2564]
  0x00007f34640cc800 WatcherThread [stack: 0x00007f34542f3000,0x00007f34543f4000] [id=2572]

VM state:not at safepoint (normal execution)

VM Mutex/Monitor currently owned by a thread: None

Heap:
 PSYoungGen      total 17408K, used 17355K [0x00000000ece00000, 0x00000000ee100000, 0x0000000100000000)
  eden space 15360K, 99% used [0x00000000ece00000,0x00000000edcf3418,0x00000000edd00000)
  from space 2048K, 99% used [0x00000000edd00000,0x00000000edeffbc0,0x00000000edf00000)
  to   space 2048K, 0% used [0x00000000edf00000,0x00000000edf00000,0x00000000ee100000)
 ParOldGen       total 39936K, used 1473K [0x00000000c6a00000, 0x00000000c9100000, 0x00000000ece00000)
  object space 39936K, 3% used [0x00000000c6a00000,0x00000000c6b707b8,0x00000000c9100000)
 Metaspace       used 18603K, capacity 18804K, committed 19072K, reserved 1067008K
  class space    used 1989K, capacity 2060K, committed 2176K, reserved 1048576K

Card table byte_map: [0x00007f3469dad000,0x00007f3469f79000] byte_map_base: 0x00007f3469778000

Marking Bits: (ParMarkBitMap*) 0x00007f346cb8e2c0
 Begin Bits: [0x00007f344e350000, 0x00007f344f1a8000)
 End Bits:   [0x00007f344f1a8000, 0x00007f3450000000)

Polling page: 0x00007f346d9e1000

CodeCache: size=245760Kb used=7201Kb max_used=7209Kb free=238558Kb
 bounds [0x00007f3455000000, 0x00007f3455720000, 0x00007f3464000000]
 total_blobs=2740 nmethods=2019 adapters=634
 compilation: enabled

Compilation events (10 events):
Event: 136.309 Thread 0x00007f34640b0800 2035  s    4       java.awt.KeyboardFocusManager::getCurrentKeyboardFocusManager (32 bytes)
Event: 136.311 Thread 0x00007f34640b0800 nmethod 2035 0x00007f3455116110 code [0x00007f3455116280, 0x00007f34551165e8]
Event: 136.313 Thread 0x00007f34640b2800 2036       3       sun.awt.X11.XInputMethod::getParent (5 bytes)
Event: 136.313 Thread 0x00007f34640b2800 nmethod 2036 0x00007f345510de50 code [0x00007f345510dfc0, 0x00007f345510e1e8]
Event: 139.885 Thread 0x00007f34640b2800 2037       3       java.awt.Window::eventEnabled (138 bytes)
Event: 139.885 Thread 0x00007f34640b2800 nmethod 2037 0x00007f345512a850 code [0x00007f345512a9e0, 0x00007f345512ade8]
Event: 146.502 Thread 0x00007f34640b2800 2038       3       javax.swing.text.CompositeView::getView (7 bytes)
Event: 146.502 Thread 0x00007f34640b2800 nmethod 2038 0x00007f345512a490 code [0x00007f345512a600, 0x00007f345512a770]
Event: 146.786 Thread 0x00007f34640b2800 2039       3       javax.swing.SwingUtilities::getUnwrappedParent (22 bytes)
Event: 146.786 Thread 0x00007f34640b2800 nmethod 2039 0x00007f3455110c10 code [0x00007f3455110da0, 0x00007f34551111f8]

GC Heap History (2 events):
Event: 0.568 GC heap before
{Heap before GC invocations=1 (full 0):
 PSYoungGen      total 17408K, used 14617K [0x00000000ece00000, 0x00000000ee100000, 0x0000000100000000)
  eden space 15360K, 95% used [0x00000000ece00000,0x00000000edc46640,0x00000000edd00000)
  from space 2048K, 0% used [0x00000000edf00000,0x00000000edf00000,0x00000000ee100000)
  to   space 2048K, 0% used [0x00000000edd00000,0x00000000edd00000,0x00000000edf00000)
 ParOldGen       total 39936K, used 0K [0x00000000c6a00000, 0x00000000c9100000, 0x00000000ece00000)
  object space 39936K, 0% used [0x00000000c6a00000,0x00000000c6a00000,0x00000000c9100000)
 Metaspace       used 12929K, capacity 13092K, committed 13312K, reserved 1060864K
  class space    used 1421K, capacity 1504K, committed 1536K, reserved 1048576K
Event: 0.572 GC heap after
Heap after GC invocations=1 (full 0):
 PSYoungGen      total 17408K, used 2046K [0x00000000ece00000, 0x00000000ee100000, 0x0000000100000000)
  eden space 15360K, 0% used [0x00000000ece00000,0x00000000ece00000,0x00000000edd00000)
  from space 2048K, 99% used [0x00000000edd00000,0x00000000edeffbc0,0x00000000edf00000)
  to   space 2048K, 0% used [0x00000000edf00000,0x00000000edf00000,0x00000000ee100000)
 ParOldGen       total 39936K, used 1473K [0x00000000c6a00000, 0x00000000c9100000, 0x00000000ece00000)
  object space 39936K, 3% used [0x00000000c6a00000,0x00000000c6b707b8,0x00000000c9100000)
 Metaspace       used 12929K, capacity 13092K, committed 13312K, reserved 1060864K
  class space    used 1421K, capacity 1504K, committed 1536K, reserved 1048576K
}

Deoptimization events (6 events):
Event: 0.366 Thread 0x00007f346434d800 Uncommon trap: reason=unstable_if action=reinterpret pc=0x00007f34551c9648 method=java.lang.String.indexOf([CII[CIII)I @ 3
Event: 83.308 Thread 0x00007f34643e0800 Uncommon trap: reason=class_check action=maybe_recompile pc=0x00007f3455171c70 method=java.lang.String.equals(Ljava/lang/Object;)Z @ 8
Event: 83.308 Thread 0x00007f34643e0800 Uncommon trap: reason=class_check action=maybe_recompile pc=0x00007f3455171c70 method=java.lang.String.equals(Ljava/lang/Object;)Z @ 8
Event: 83.439 Thread 0x00007f34643e0800 Uncommon trap: reason=class_check action=maybe_recompile pc=0x00007f3455171c70 method=java.lang.String.equals(Ljava/lang/Object;)Z @ 8
Event: 83.439 Thread 0x00007f34643e0800 Uncommon trap: reason=class_check action=maybe_recompile pc=0x00007f3455171c70 method=java.lang.String.equals(Ljava/lang/Object;)Z @ 8
Event: 126.548 Thread 0x00007f34643e0800 Uncommon trap: reason=unstable_if action=reinterpret pc=0x00007f3455694bd0 method=java.awt.Component.inside(II)Z @ 9

Internal exceptions (10 events):
Event: 0.098 Thread 0x00007f346400a000 Exception <a 'java/security/PrivilegedActionException'> (0x00000000ecf3af60) thrown at [/build/openjdk-8-pZyJp3/openjdk-8-8u131-b11/src/hotspot/src/share/vm/prims/jvm.cpp, line 1390]
Event: 0.098 Thread 0x00007f346400a000 Exception <a 'java/security/PrivilegedActionException'> (0x00000000ecf3ba38) thrown at [/build/openjdk-8-pZyJp3/openjdk-8-8u131-b11/src/hotspot/src/share/vm/prims/jvm.cpp, line 1390]
Event: 0.098 Thread 0x00007f346400a000 Exception <a 'java/security/PrivilegedActionException'> (0x00000000ecf3bc48) thrown at [/build/openjdk-8-pZyJp3/openjdk-8-8u131-b11/src/hotspot/src/share/vm/prims/jvm.cpp, line 1390]
Event: 0.150 Thread 0x00007f346400a000 Exception <a 'java/lang/NoSuchFieldError': method resolution failed> (0x00000000ed0088f0) thrown at [/build/openjdk-8-pZyJp3/openjdk-8-8u131-b11/src/hotspot/src/share/vm/prims/methodHandles.cpp, line 1146]
Event: 0.152 Thread 0x00007f346400a000 Exception <a 'java/lang/NoSuchFieldError': method resolution failed> (0x00000000ed0160c0) thrown at [/build/openjdk-8-pZyJp3/openjdk-8-8u131-b11/src/hotspot/src/share/vm/prims/methodHandles.cpp, line 1146]
Event: 0.176 Thread 0x00007f346400a000 Exception <a 'java/io/FileNotFoundException'> (0x00000000ed096470) thrown at [/build/openjdk-8-pZyJp3/openjdk-8-8u131-b11/src/hotspot/src/share/vm/prims/jni.cpp, line 709]
Event: 0.176 Thread 0x00007f346400a000 Exception <a 'java/io/FileNotFoundException'> (0x00000000ed096e60) thrown at [/build/openjdk-8-pZyJp3/openjdk-8-8u131-b11/src/hotspot/src/share/vm/prims/jni.cpp, line 709]
Event: 0.202 Thread 0x00007f346400a000 Exception <a 'java/lang/ClassNotFoundException': sun/dc/DuctusRenderingEngine> (0x00000000ed0b1f58) thrown at [/build/openjdk-8-pZyJp3/openjdk-8-8u131-b11/src/hotspot/src/share/vm/classfile/systemDictionary.cpp, line 210]
Event: 0.885 Thread 0x00007f34643e0800 Exception <a 'java/lang/UnsupportedOperationException': > (0x00000000ed5af368) thrown at [/build/openjdk-8-pZyJp3/openjdk-8-8u131-b11/src/hotspot/src/share/vm/prims/jni.cpp, line 735]
Event: 92.110 Thread 0x00007f34643e0800 Exception <a 'java/lang/NoSuchMethodError': <clinit>> (0x00000000edaefda0) thrown at [/build/openjdk-8-pZyJp3/openjdk-8-8u131-b11/src/hotspot/src/share/vm/prims/jni.cpp, line 1613]

Events (10 events):
Event: 135.422 Thread 0x00007f34640b2800 flushing nmethod 0x00007f345510dd10
Event: 135.422 Thread 0x00007f34640b2800 flushing nmethod 0x00007f345510ff90
Event: 135.423 Thread 0x00007f34640b2800 flushing nmethod 0x00007f3455111d90
Event: 135.423 Thread 0x00007f34640b2800 flushing nmethod 0x00007f3455115590
Event: 135.423 Thread 0x00007f34640b2800 flushing nmethod 0x00007f3455115e10
Event: 135.423 Thread 0x00007f34640b2800 flushing nmethod 0x00007f3455119850
Event: 135.423 Thread 0x00007f34640b2800 flushing nmethod 0x00007f345512a290
Event: 135.423 Thread 0x00007f34640b2800 flushing nmethod 0x00007f3455174790
Event: 135.423 Thread 0x00007f34640b2800 flushing nmethod 0x00007f3455175790
Event: 135.430 Thread 0x00007f34640b0800 flushing nmethod 0x00007f345518cf10


Dynamic libraries:
00400000-00401000 r-xp 00000000 08:08 1444885                            /usr/lib/jvm/java-8-openjdk-amd64/jre/bin/java
00600000-00601000 r--p 00000000 08:08 1444885                            /usr/lib/jvm/java-8-openjdk-amd64/jre/bin/java
00601000-00602000 rw-p 00001000 08:08 1444885                            /usr/lib/jvm/java-8-openjdk-amd64/jre/bin/java
01018000-0105e000 rw-p 00000000 00:00 0                                  [heap]
c6a00000-c9100000 rw-p 00000000 00:00 0 
c9100000-ece00000 ---p 00000000 00:00 0 
ece00000-ee100000 rw-p 00000000 00:00 0 
ee100000-100000000 ---p 00000000 00:00 0 
100000000-100220000 rw-p 00000000 00:00 0 
100220000-140000000 ---p 00000000 00:00 0 
7f33c8000000-7f33c80bf000 rw-p 00000000 00:00 0 
7f33c80bf000-7f33cc000000 ---p 00000000 00:00 0 
7f33d0000000-7f33d0021000 rw-p 00000000 00:00 0 
7f33d0021000-7f33d4000000 ---p 00000000 00:00 0 
7f33d4000000-7f33d4021000 rw-p 00000000 00:00 0 
7f33d4021000-7f33d8000000 ---p 00000000 00:00 0 
7f33d8000000-7f33d803c000 rw-p 00000000 00:00 0 
7f33d803c000-7f33dc000000 ---p 00000000 00:00 0 
7f33dc000000-7f33dc021000 rw-p 00000000 00:00 0 
7f33dc021000-7f33e0000000 ---p 00000000 00:00 0 
7f33e0000000-7f33e0021000 rw-p 00000000 00:00 0 
7f33e0021000-7f33e4000000 ---p 00000000 00:00 0 
7f33e4000000-7f33e4021000 rw-p 00000000 00:00 0 
7f33e4021000-7f33e8000000 ---p 00000000 00:00 0 
7f33e8000000-7f33e8021000 rw-p 00000000 00:00 0 
7f33e8021000-7f33ec000000 ---p 00000000 00:00 0 
7f33ec000000-7f33ec048000 rw-p 00000000 00:00 0 
7f33ec048000-7f33f0000000 ---p 00000000 00:00 0 
7f33f1b59000-7f33f1bd9000 rw-p 00000000 00:00 0 
7f33f1bd9000-7f33f1d59000 ---p 00000000 00:00 0 
7f33f1d59000-7f33f1e59000 rw-s 100508000 00:06 1694                      /dev/dri/card0
7f33f1e59000-7f33f31be000 rw-p 00000000 00:00 0 
7f33f31be000-7f33f31f5000 r-xp 00000000 08:08 1453665                    /usr/lib/x86_64-linux-gnu/libtxc_dxtn_s2tc.so.0.0.0
7f33f31f5000-7f33f33f4000 ---p 00037000 08:08 1453665                    /usr/lib/x86_64-linux-gnu/libtxc_dxtn_s2tc.so.0.0.0
7f33f33f4000-7f33f33f5000 r--p 00036000 08:08 1453665                    /usr/lib/x86_64-linux-gnu/libtxc_dxtn_s2tc.so.0.0.0
7f33f33f5000-7f33f33f6000 rw-p 00037000 08:08 1453665                    /usr/lib/x86_64-linux-gnu/libtxc_dxtn_s2tc.so.0.0.0
7f33f33f6000-7f33f33f9000 ---p 00000000 00:00 0 
7f33f33f9000-7f33f34f7000 rw-p 00000000 00:00 0 
7f33f34f7000-7f33f34fa000 ---p 00000000 00:00 0 
7f33f34fa000-7f33f35f8000 rw-p 00000000 00:00 0 
7f33f35f8000-7f33f35fb000 ---p 00000000 00:00 0 
7f33f35fb000-7f33f36f9000 rw-p 00000000 00:00 0 
7f33f36f9000-7f33f36fc000 ---p 00000000 00:00 0 
7f33f36fc000-7f33f37fa000 rw-p 00000000 00:00 0 
7f33f37fa000-7f33f37fd000 ---p 00000000 00:00 0 
7f33f37fd000-7f33f38fb000 rw-p 00000000 00:00 0 
7f33f38fb000-7f33f38fe000 ---p 00000000 00:00 0 
7f33f38fe000-7f33f39fc000 rw-p 00000000 00:00 0 
7f33f39fc000-7f33f39ff000 ---p 00000000 00:00 0 
7f33f39ff000-7f33f3afd000 rw-p 00000000 00:00 0 
7f33f3afd000-7f33f3b00000 ---p 00000000 00:00 0 
7f33f3b00000-7f33f3bfe000 rw-p 00000000 00:00 0 
7f33f3bfe000-7f33f3c01000 ---p 00000000 00:00 0 
7f33f3c01000-7f33f3cff000 rw-p 00000000 00:00 0 
7f33f3cff000-7f33f3d02000 ---p 00000000 00:00 0 
7f33f3d02000-7f33f4000000 rw-p 00000000 00:00 0 
7f33f4000000-7f33f4021000 rw-p 00000000 00:00 0 
7f33f4021000-7f33f8000000 ---p 00000000 00:00 0 
7f33f8000000-7f33f84f0000 rw-p 00000000 00:00 0 
7f33f84f0000-7f33fc000000 ---p 00000000 00:00 0 
7f33fc06d000-7f33fc070000 ---p 00000000 00:00 0 
7f33fc070000-7f33fc16e000 rw-p 00000000 00:00 0 
7f33fc16e000-7f33fc171000 ---p 00000000 00:00 0 
7f33fc171000-7f33fc26f000 rw-p 00000000 00:00 0 
7f33fc26f000-7f33fc272000 ---p 00000000 00:00 0 
7f33fc272000-7f33fc370000 rw-p 00000000 00:00 0 
7f33fc370000-7f33fc381000 r-xp 00000000 08:08 1444808                    /usr/lib/jvm/java-8-openjdk-amd64/jre/lib/amd64/libnio.so
7f33fc381000-7f33fc581000 ---p 00011000 08:08 1444808                    /usr/lib/jvm/java-8-openjdk-amd64/jre/lib/amd64/libnio.so
7f33fc581000-7f33fc582000 r--p 00011000 08:08 1444808                    /usr/lib/jvm/java-8-openjdk-amd64/jre/lib/amd64/libnio.so
7f33fc582000-7f33fc583000 rw-p 00012000 08:08 1444808                    /usr/lib/jvm/java-8-openjdk-amd64/jre/lib/amd64/libnio.so
7f33fc583000-7f33ff584000 rw-p 00000000 00:00 0 
7f33ff584000-7f33ff59b000 r-xp 00000000 08:08 1444828                    /usr/lib/jvm/java-8-openjdk-amd64/jre/lib/amd64/libnet.so
7f33ff59b000-7f33ff79a000 ---p 00017000 08:08 1444828                    /usr/lib/jvm/java-8-openjdk-amd64/jre/lib/amd64/libnet.so
7f33ff79a000-7f33ff79b000 r--p 00016000 08:08 1444828                    /usr/lib/jvm/java-8-openjdk-amd64/jre/lib/amd64/libnet.so
7f33ff79b000-7f33ff79c000 rw-p 00017000 08:08 1444828                    /usr/lib/jvm/java-8-openjdk-amd64/jre/lib/amd64/libnet.so
7f33ff79c000-7f33ff99c000 rw-p 00000000 00:00 0 
7f33ff99c000-7f33ff9f3000 r-xp 00000000 08:08 1453198                    /usr/lib/x86_64-linux-gnu/libjpeg.so.8.0.2
7f33ff9f3000-7f33ffbf3000 ---p 00057000 08:08 1453198                    /usr/lib/x86_64-linux-gnu/libjpeg.so.8.0.2
7f33ffbf3000-7f33ffbf4000 r--p 00057000 08:08 1453198                    /usr/lib/x86_64-linux-gnu/libjpeg.so.8.0.2
7f33ffbf4000-7f33ffbf5000 rw-p 00058000 08:08 1453198                    /usr/lib/x86_64-linux-gnu/libjpeg.so.8.0.2
7f33ffbf5000-7f33ffbff000 r-xp 00000000 08:08 1444841                    /usr/lib/jvm/java-8-openjdk-amd64/jre/lib/amd64/libjavajpeg.so
7f33ffbff000-7f33ffdfe000 ---p 0000a000 08:08 1444841                    /usr/lib/jvm/java-8-openjdk-amd64/jre/lib/amd64/libjavajpeg.so
7f33ffdfe000-7f33ffdff000 r--p 00009000 08:08 1444841                    /usr/lib/jvm/java-8-openjdk-amd64/jre/lib/amd64/libjavajpeg.so
7f33ffdff000-7f33ffe00000 rw-p 0000a000 08:08 1444841                    /usr/lib/jvm/java-8-openjdk-amd64/jre/lib/amd64/libjavajpeg.so
7f33ffe00000-7f3400000000 rw-p 00000000 00:00 0 
7f3400000000-7f3400021000 rw-p 00000000 00:00 0 
7f3400021000-7f3404000000 ---p 00000000 00:00 0 
7f3404000000-7f3404255000 rw-p 00000000 00:00 0 
7f3404255000-7f3408000000 ---p 00000000 00:00 0 
7f3408000000-7f3408021000 rw-p 00000000 00:00 0 
7f3408021000-7f340c000000 ---p 00000000 00:00 0 
7f340c000000-7f340c021000 rw-p 00000000 00:00 0 
7f340c021000-7f3410000000 ---p 00000000 00:00 0 
7f3410000000-7f3410021000 rw-p 00000000 00:00 0 
7f3410021000-7f3414000000 ---p 00000000 00:00 0 
7f3414000000-7f3414023000 rw-p 00000000 00:00 0 
7f3414023000-7f3418000000 ---p 00000000 00:00 0 
7f3418000000-7f3418021000 rw-p 00000000 00:00 0 
7f3418021000-7f341c000000 ---p 00000000 00:00 0 
7f341c000000-7f341c021000 rw-p 00000000 00:00 0 
7f341c021000-7f3420000000 ---p 00000000 00:00 0 
7f3420000000-7f34204f2000 rw-p 00000000 00:00 0 
7f34204f2000-7f3424000000 ---p 00000000 00:00 0 
7f3424000000-7f3424cd2000 rw-p 00000000 00:00 0 
7f3424cd2000-7f3428000000 ---p 00000000 00:00 0 
7f3428000000-7f3428021000 rw-p 00000000 00:00 0 
7f3428021000-7f342c000000 ---p 00000000 00:00 0 
7f342c000000-7f342c493000 rw-p 00000000 00:00 0 
7f342c493000-7f3430000000 ---p 00000000 00:00 0 
7f3430000000-7f3430021000 rw-p 00000000 00:00 0 
7f3430021000-7f3434000000 ---p 00000000 00:00 0 
7f3434000000-7f3434021000 rw-p 00000000 00:00 0 
7f3434021000-7f3438000000 ---p 00000000 00:00 0 
7f3438000000-7f3438021000 rw-p 00000000 00:00 0 
7f3438021000-7f343c000000 ---p 00000000 00:00 0 
7f343c000000-7f343c021000 rw-p 00000000 00:00 0 
7f343c021000-7f3440000000 ---p 00000000 00:00 0 
7f3440000000-7f3440021000 rw-p 00000000 00:00 0 
7f3440021000-7f3444000000 ---p 00000000 00:00 0 
7f344403f000-7f3444047000 r-xp 00000000 08:08 1453421                    /usr/lib/x86_64-linux-gnu/libpciaccess.so.0.11.1
7f3444047000-7f3444247000 ---p 00008000 08:08 1453421                    /usr/lib/x86_64-linux-gnu/libpciaccess.so.0.11.1
7f3444247000-7f3444248000 r--p 00008000 08:08 1453421                    /usr/lib/x86_64-linux-gnu/libpciaccess.so.0.11.1
7f3444248000-7f3444249000 rw-p 00009000 08:08 1453421                    /usr/lib/x86_64-linux-gnu/libpciaccess.so.0.11.1
7f3444249000-7f3444254000 r-xp 00000000 08:08 1452766                    /usr/lib/x86_64-linux-gnu/libdrm_radeon.so.1.0.1
7f3444254000-7f3444453000 ---p 0000b000 08:08 1452766                    /usr/lib/x86_64-linux-gnu/libdrm_radeon.so.1.0.1
7f3444453000-7f3444454000 r--p 0000a000 08:08 1452766                    /usr/lib/x86_64-linux-gnu/libdrm_radeon.so.1.0.1
7f3444454000-7f3444455000 rw-p 0000b000 08:08 1452766                    /usr/lib/x86_64-linux-gnu/libdrm_radeon.so.1.0.1
7f3444455000-7f344445c000 r-xp 00000000 08:08 1452764                    /usr/lib/x86_64-linux-gnu/libdrm_nouveau.so.2.0.0
7f344445c000-7f344465b000 ---p 00007000 08:08 1452764                    /usr/lib/x86_64-linux-gnu/libdrm_nouveau.so.2.0.0
7f344465b000-7f344465c000 r--p 00006000 08:08 1452764                    /usr/lib/x86_64-linux-gnu/libdrm_nouveau.so.2.0.0
7f344465c000-7f344465d000 rw-p 00007000 08:08 1452764                    /usr/lib/x86_64-linux-gnu/libdrm_nouveau.so.2.0.0
7f344465d000-7f344467f000 r-xp 00000000 08:08 1452762                    /usr/lib/x86_64-linux-gnu/libdrm_intel.so.1.0.0
7f344467f000-7f344487e000 ---p 00022000 08:08 1452762                    /usr/lib/x86_64-linux-gnu/libdrm_intel.so.1.0.0
7f344487e000-7f344487f000 r--p 00021000 08:08 1452762                    /usr/lib/x86_64-linux-gnu/libdrm_intel.so.1.0.0
7f344487f000-7f3444880000 rw-p 00022000 08:08 1452762                    /usr/lib/x86_64-linux-gnu/libdrm_intel.so.1.0.0
7f3444880000-7f3444f3a000 r-xp 00000000 08:08 1706191                    /usr/lib/x86_64-linux-gnu/dri/i965_dri.so
7f3444f3a000-7f344513a000 ---p 006ba000 08:08 1706191                    /usr/lib/x86_64-linux-gnu/dri/i965_dri.so
7f344513a000-7f344517c000 r--p 006ba000 08:08 1706191                    /usr/lib/x86_64-linux-gnu/dri/i965_dri.so
7f344517c000-7f3445184000 rw-p 006fc000 08:08 1706191                    /usr/lib/x86_64-linux-gnu/dri/i965_dri.so
7f3445184000-7f344518c000 rw-p 00000000 00:00 0 
7f344518c000-7f344518f000 ---p 00000000 00:00 0 
7f344518f000-7f344548d000 rw-p 00000000 00:00 0 
7f344548d000-7f3445490000 ---p 00000000 00:00 0 
7f3445490000-7f344558e000 rw-p 00000000 00:00 0 
7f344558e000-7f3445591000 ---p 00000000 00:00 0 
7f3445591000-7f344568f000 rw-p 00000000 00:00 0 
7f344568f000-7f3445692000 ---p 00000000 00:00 0 
7f3445692000-7f3445790000 rw-p 00000000 00:00 0 
7f3445790000-7f3445793000 ---p 00000000 00:00 0 
7f3445793000-7f3445891000 rw-p 00000000 00:00 0 
7f3445891000-7f34458a1000 r-xp 00000000 08:08 1452758                    /usr/lib/x86_64-linux-gnu/libdrm.so.2.4.0
7f34458a1000-7f3445aa0000 ---p 00010000 08:08 1452758                    /usr/lib/x86_64-linux-gnu/libdrm.so.2.4.0
7f3445aa0000-7f3445aa1000 r--p 0000f000 08:08 1452758                    /usr/lib/x86_64-linux-gnu/libdrm.so.2.4.0
7f3445aa1000-7f3445aa2000 rw-p 00010000 08:08 1452758                    /usr/lib/x86_64-linux-gnu/libdrm.so.2.4.0
7f3445aa2000-7f3445aa7000 r-xp 00000000 08:08 1452497                    /usr/lib/x86_64-linux-gnu/libXxf86vm.so.1.0.0
7f3445aa7000-7f3445ca6000 ---p 00005000 08:08 1452497                    /usr/lib/x86_64-linux-gnu/libXxf86vm.so.1.0.0
7f3445ca6000-7f3445ca7000 r--p 00004000 08:08 1452497                    /usr/lib/x86_64-linux-gnu/libXxf86vm.so.1.0.0
7f3445ca7000-7f3445ca8000 rw-p 00005000 08:08 1452497                    /usr/lib/x86_64-linux-gnu/libXxf86vm.so.1.0.0
7f3445ca8000-7f3445cac000 r-xp 00000000 08:08 1453832                    /usr/lib/x86_64-linux-gnu/libxcb-dri2.so.0.0.0
7f3445cac000-7f3445eab000 ---p 00004000 08:08 1453832                    /usr/lib/x86_64-linux-gnu/libxcb-dri2.so.0.0.0
7f3445eab000-7f3445eac000 r--p 00003000 08:08 1453832                    /usr/lib/x86_64-linux-gnu/libxcb-dri2.so.0.0.0
7f3445eac000-7f3445ead000 rw-p 00004000 08:08 1453832                    /usr/lib/x86_64-linux-gnu/libxcb-dri2.so.0.0.0
7f3445ead000-7f3445ec4000 r-xp 00000000 08:08 1453836                    /usr/lib/x86_64-linux-gnu/libxcb-glx.so.0.0.0
7f3445ec4000-7f34460c3000 ---p 00017000 08:08 1453836                    /usr/lib/x86_64-linux-gnu/libxcb-glx.so.0.0.0
7f34460c3000-7f34460c5000 r--p 00016000 08:08 1453836                    /usr/lib/x86_64-linux-gnu/libxcb-glx.so.0.0.0
7f34460c5000-7f34460c6000 rw-p 00018000 08:08 1453836                    /usr/lib/x86_64-linux-gnu/libxcb-glx.so.0.0.0
7f34460c6000-7f34460c7000 r-xp 00000000 08:08 1452440                    /usr/lib/x86_64-linux-gnu/libX11-xcb.so.1.0.0
7f34460c7000-7f34462c6000 ---p 00001000 08:08 1452440                    /usr/lib/x86_64-linux-gnu/libX11-xcb.so.1.0.0
7f34462c6000-7f34462c7000 r--p 00000000 08:08 1452440                    /usr/lib/x86_64-linux-gnu/libX11-xcb.so.1.0.0
7f34462c7000-7f34462c8000 rw-p 00001000 08:08 1452440                    /usr/lib/x86_64-linux-gnu/libX11-xcb.so.1.0.0
7f34462c8000-7f34462ca000 r-xp 00000000 08:08 1452455                    /usr/lib/x86_64-linux-gnu/libXdamage.so.1.1.0
7f34462ca000-7f34464c9000 ---p 00002000 08:08 1452455                    /usr/lib/x86_64-linux-gnu/libXdamage.so.1.1.0
7f34464c9000-7f34464ca000 r--p 00001000 08:08 1452455                    /usr/lib/x86_64-linux-gnu/libXdamage.so.1.1.0
7f34464ca000-7f34464cb000 rw-p 00002000 08:08 1452455                    /usr/lib/x86_64-linux-gnu/libXdamage.so.1.1.0
7f34464cb000-7f34464f5000 r-xp 00000000 08:08 1444351                    /usr/lib/x86_64-linux-gnu/libglapi.so.0.0.0
7f34464f5000-7f34466f4000 ---p 0002a000 08:08 1444351                    /usr/lib/x86_64-linux-gnu/libglapi.so.0.0.0
7f34466f4000-7f34466f8000 r--p 00029000 08:08 1444351                    /usr/lib/x86_64-linux-gnu/libglapi.so.0.0.0
7f34466f8000-7f34466f9000 rw-p 0002d000 08:08 1444351                    /usr/lib/x86_64-linux-gnu/libglapi.so.0.0.0
7f34466f9000-7f34466fa000 rw-p 00000000 00:00 0 
7f34466fa000-7f34466fb000 r-xp 00000000 08:08 1453876                    /usr/lib/x86_64-linux-gnu/libxshmfence.so.1.0.0
7f34466fb000-7f34468fb000 ---p 00001000 08:08 1453876                    /usr/lib/x86_64-linux-gnu/libxshmfence.so.1.0.0
7f34468fb000-7f34468fc000 r--p 00001000 08:08 1453876                    /usr/lib/x86_64-linux-gnu/libxshmfence.so.1.0.0
7f34468fc000-7f34468fd000 rw-p 00002000 08:08 1453876                    /usr/lib/x86_64-linux-gnu/libxshmfence.so.1.0.0
7f34468fd000-7f3446902000 r-xp 00000000 08:08 1453856                    /usr/lib/x86_64-linux-gnu/libxcb-sync.so.1.0.0
7f3446902000-7f3446b02000 ---p 00005000 08:08 1453856                    /usr/lib/x86_64-linux-gnu/libxcb-sync.so.1.0.0
7f3446b02000-7f3446b03000 r--p 00005000 08:08 1453856                    /usr/lib/x86_64-linux-gnu/libxcb-sync.so.1.0.0
7f3446b03000-7f3446b04000 rw-p 00006000 08:08 1453856                    /usr/lib/x86_64-linux-gnu/libxcb-sync.so.1.0.0
7f3446b04000-7f3446b06000 r-xp 00000000 08:08 1453844                    /usr/lib/x86_64-linux-gnu/libxcb-present.so.0.0.0
7f3446b06000-7f3446d05000 ---p 00002000 08:08 1453844                    /usr/lib/x86_64-linux-gnu/libxcb-present.so.0.0.0
7f3446d05000-7f3446d06000 r--p 00001000 08:08 1453844                    /usr/lib/x86_64-linux-gnu/libxcb-present.so.0.0.0
7f3446d06000-7f3446d07000 rw-p 00002000 08:08 1453844                    /usr/lib/x86_64-linux-gnu/libxcb-present.so.0.0.0
7f3446d07000-7f3446d09000 r-xp 00000000 08:08 1453834                    /usr/lib/x86_64-linux-gnu/libxcb-dri3.so.0.0.0
7f3446d09000-7f3446f08000 ---p 00002000 08:08 1453834                    /usr/lib/x86_64-linux-gnu/libxcb-dri3.so.0.0.0
7f3446f08000-7f3446f09000 r--p 00001000 08:08 1453834                    /usr/lib/x86_64-linux-gnu/libxcb-dri3.so.0.0.0
7f3446f09000-7f3446f0a000 rw-p 00002000 08:08 1453834                    /usr/lib/x86_64-linux-gnu/libxcb-dri3.so.0.0.0
7f3446f0a000-7f3446f30000 r-xp 00000000 08:08 660708                     /lib/x86_64-linux-gnu/libexpat.so.1.6.0
7f3446f30000-7f3447130000 ---p 00026000 08:08 660708                     /lib/x86_64-linux-gnu/libexpat.so.1.6.0
7f3447130000-7f3447132000 r--p 00026000 08:08 660708                     /lib/x86_64-linux-gnu/libexpat.so.1.6.0
7f3447132000-7f3447133000 rw-p 00028000 08:08 660708                     /lib/x86_64-linux-gnu/libexpat.so.1.6.0
7f3447133000-7f34471a1000 r-xp 00000000 08:08 1706194                    /usr/lib/x86_64-linux-gnu/mesa/libGL.so.1.2.0
7f34471a1000-7f34473a0000 ---p 0006e000 08:08 1706194                    /usr/lib/x86_64-linux-gnu/mesa/libGL.so.1.2.0
7f34473a0000-7f34473a3000 r--p 0006d000 08:08 1706194                    /usr/lib/x86_64-linux-gnu/mesa/libGL.so.1.2.0
7f34473a3000-7f34473a4000 rw-p 00070000 08:08 1706194                    /usr/lib/x86_64-linux-gnu/mesa/libGL.so.1.2.0
7f34473a4000-7f34473a5000 rw-p 00000000 00:00 0 
7f34473a5000-7f34473c6000 r-xp 00000000 08:08 1465621                    /usr/lib/jni/libj3dcore-ogl.so
7f34473c6000-7f34475c6000 ---p 00021000 08:08 1465621                    /usr/lib/jni/libj3dcore-ogl.so
7f34475c6000-7f34475c7000 rw-p 00021000 08:08 1465621                    /usr/lib/jni/libj3dcore-ogl.so
7f34475c7000-7f34475c8000 r-xp 00000000 08:08 1444826                    /usr/lib/jvm/java-8-openjdk-amd64/jre/lib/amd64/libjawt.so
7f34475c8000-7f34477c7000 ---p 00001000 08:08 1444826                    /usr/lib/jvm/java-8-openjdk-amd64/jre/lib/amd64/libjawt.so
7f34477c7000-7f34477c8000 r--p 00000000 08:08 1444826                    /usr/lib/jvm/java-8-openjdk-amd64/jre/lib/amd64/libjawt.so
7f34477c8000-7f34477c9000 rw-p 00001000 08:08 1444826                    /usr/lib/jvm/java-8-openjdk-amd64/jre/lib/amd64/libjawt.so
7f34477c9000-7f34477cc000 ---p 00000000 00:00 0 
7f34477cc000-7f34478ca000 rw-p 00000000 00:00 0 
7f34478ca000-7f34478cf000 r-xp 00000000 08:08 1452461                    /usr/lib/x86_64-linux-gnu/libXfixes.so.3.1.0
7f34478cf000-7f3447ace000 ---p 00005000 08:08 1452461                    /usr/lib/x86_64-linux-gnu/libXfixes.so.3.1.0
7f3447ace000-7f3447acf000 r--p 00004000 08:08 1452461                    /usr/lib/x86_64-linux-gnu/libXfixes.so.3.1.0
7f3447acf000-7f3447ad0000 rw-p 00005000 08:08 1452461                    /usr/lib/x86_64-linux-gnu/libXfixes.so.3.1.0
7f3447ad0000-7f3447ad9000 r-xp 00000000 08:08 1452453                    /usr/lib/x86_64-linux-gnu/libXcursor.so.1.0.2
7f3447ad9000-7f3447cd8000 ---p 00009000 08:08 1452453                    /usr/lib/x86_64-linux-gnu/libXcursor.so.1.0.2
7f3447cd8000-7f3447cd9000 r--p 00008000 08:08 1452453                    /usr/lib/x86_64-linux-gnu/libXcursor.so.1.0.2
7f3447cd9000-7f3447cda000 rw-p 00009000 08:08 1452453                    /usr/lib/x86_64-linux-gnu/libXcursor.so.1.0.2
7f3447cda000-7f3447cdd000 ---p 00000000 00:00 0 
7f3447cdd000-7f3447ddb000 rw-p 00000000 00:00 0 
7f3447ddb000-7f3447dff000 r-xp 00000000 08:08 660818                     /lib/x86_64-linux-gnu/libpng12.so.0.54.0
7f3447dff000-7f3447ffe000 ---p 00024000 08:08 660818                     /lib/x86_64-linux-gnu/libpng12.so.0.54.0
7f3447ffe000-7f3447fff000 r--p 00023000 08:08 660818                     /lib/x86_64-linux-gnu/libpng12.so.0.54.0
7f3447fff000-7f3448000000 rw-p 00024000 08:08 660818                     /lib/x86_64-linux-gnu/libpng12.so.0.54.0
7f3448000000-7f3448021000 rw-p 00000000 00:00 0 
7f3448021000-7f344c000000 ---p 00000000 00:00 0 
7f344c060000-7f344c061000 rw-s 00000000 00:05 38207                      /memfd:xshmfence (deleted)
7f344c062000-7f344c063000 rw-s 00000000 00:05 38203                      /memfd:xshmfence (deleted)
7f344c063000-7f344c064000 rw-s 00000000 00:05 38205                      /memfd:xshmfence (deleted)
7f344c064000-7f344c065000 rw-s 00000000 00:05 39728                      /memfd:xshmfence (deleted)
7f344c065000-7f344c066000 rw-s 00000000 00:05 35671                      /memfd:xshmfence (deleted)
7f344c066000-7f344c067000 rw-s 00000000 00:05 37864                      /memfd:xshmfence (deleted)
7f344c067000-7f344c068000 rw-s 00000000 00:05 37858                      /memfd:xshmfence (deleted)
7f344c068000-7f344c069000 rw-s 00000000 00:05 37853                      /memfd:xshmfence (deleted)
7f344c069000-7f344c06a000 rw-s 00000000 00:05 39706                      /memfd:xshmfence (deleted)
7f344c06a000-7f344c06b000 rw-s 00000000 00:05 35656                      /memfd:xshmfence (deleted)
7f344c06b000-7f344c06c000 rw-s 00000000 00:05 39701                      /memfd:xshmfence (deleted)
7f344c06c000-7f344c06d000 rw-s 00000000 00:05 39697                      /memfd:xshmfence (deleted)
7f344c06d000-7f344c06e000 rw-s 00000000 00:05 35644                      /memfd:xshmfence (deleted)
7f344c06e000-7f344c06f000 rw-s 00000000 00:05 37831                      /memfd:xshmfence (deleted)
7f344c06f000-7f344c070000 rw-s 00000000 00:05 35637                      /memfd:xshmfence (deleted)
7f344c070000-7f344c071000 rw-s 00000000 00:05 38178                      /memfd:xshmfence (deleted)
7f344c071000-7f344c072000 rw-s 00000000 00:05 39687                      /memfd:xshmfence (deleted)
7f344c072000-7f344c073000 rw-s 00000000 00:05 35623                      /memfd:xshmfence (deleted)
7f344c073000-7f344c074000 rw-s 00000000 00:05 38154                      /memfd:xshmfence (deleted)
7f344c074000-7f344c075000 rw-s 00000000 00:05 38150                      /memfd:xshmfence (deleted)
7f344c075000-7f344c076000 rw-s 00000000 00:05 35631                      /memfd:xshmfence (deleted)
7f344c076000-7f344c077000 rw-s 00000000 00:05 35612                      /memfd:xshmfence (deleted)
7f344c077000-7f344c078000 rw-s 00000000 00:05 35601                      /memfd:xshmfence (deleted)
7f344c078000-7f344c079000 rw-s 00000000 00:05 38137                      /memfd:xshmfence (deleted)
7f344c079000-7f344c07a000 rw-s 00000000 00:05 37818                      /memfd:xshmfence (deleted)
7f344c07a000-7f344c07b000 rw-s 00000000 00:05 39667                      /memfd:xshmfence (deleted)
7f344c07b000-7f344c07c000 rw-s 00000000 00:05 35581                      /memfd:xshmfence (deleted)
7f344c07c000-7f344c07d000 rw-s 00000000 00:05 35577                      /memfd:xshmfence (deleted)
7f344c07d000-7f344c07e000 rw-s 00000000 00:05 35574                      /memfd:xshmfence (deleted)
7f344c07e000-7f344c07f000 rw-s 00000000 00:05 38126                      /memfd:xshmfence (deleted)
7f344c07f000-7f344c080000 rw-s 00000000 00:05 38122                      /memfd:xshmfence (deleted)
7f344c080000-7f344c081000 rw-s 00000000 00:05 37807                      /memfd:xshmfence (deleted)
7f344c081000-7f344c089000 rw-s 00000000 00:05 35541                      /drm mm object (deleted)
7f344c089000-7f344c091000 rw-s 00000000 00:05 35186                      /drm mm object (deleted)
7f344c091000-7f344c0a1000 rw-s 00000000 00:05 35183                      /drm mm object (deleted)
7f344c0a1000-7f344c145000 r-xp 00000000 08:08 1452884                    /usr/lib/x86_64-linux-gnu/libfreetype.so.6.12.1
7f344c145000-7f344c344000 ---p 000a4000 08:08 1452884                    /usr/lib/x86_64-linux-gnu/libfreetype.so.6.12.1
7f344c344000-7f344c34a000 r--p 000a3000 08:08 1452884                    /usr/lib/x86_64-linux-gnu/libfreetype.so.6.12.1
7f344c34a000-7f344c34b000 rw-p 000a9000 08:08 1452884                    /usr/lib/x86_64-linux-gnu/libfreetype.so.6.12.1
7f344c34b000-7f344c39d000 r-xp 00000000 08:08 1444807                    /usr/lib/jvm/java-8-openjdk-amd64/jre/lib/amd64/libfontmanager.so
7f344c39d000-7f344c59d000 ---p 00052000 08:08 1444807                    /usr/lib/jvm/java-8-openjdk-amd64/jre/lib/amd64/libfontmanager.so
7f344c59d000-7f344c59f000 r--p 00052000 08:08 1444807                    /usr/lib/jvm/java-8-openjdk-amd64/jre/lib/amd64/libfontmanager.so
7f344c59f000-7f344c5a0000 rw-p 00054000 08:08 1444807                    /usr/lib/jvm/java-8-openjdk-amd64/jre/lib/amd64/libfontmanager.so
7f344c5a0000-7f344c5a5000 r-xp 00000000 08:08 1452457                    /usr/lib/x86_64-linux-gnu/libXdmcp.so.6.0.0
7f344c5a5000-7f344c7a4000 ---p 00005000 08:08 1452457                    /usr/lib/x86_64-linux-gnu/libXdmcp.so.6.0.0
7f344c7a4000-7f344c7a5000 r--p 00004000 08:08 1452457                    /usr/lib/x86_64-linux-gnu/libXdmcp.so.6.0.0
7f344c7a5000-7f344c7a6000 rw-p 00005000 08:08 1452457                    /usr/lib/x86_64-linux-gnu/libXdmcp.so.6.0.0
7f344c7a6000-7f344c7a8000 r-xp 00000000 08:08 1452446                    /usr/lib/x86_64-linux-gnu/libXau.so.6.0.0
7f344c7a8000-7f344c9a8000 ---p 00002000 08:08 1452446                    /usr/lib/x86_64-linux-gnu/libXau.so.6.0.0
7f344c9a8000-7f344c9a9000 r--p 00002000 08:08 1452446                    /usr/lib/x86_64-linux-gnu/libXau.so.6.0.0
7f344c9a9000-7f344c9aa000 rw-p 00003000 08:08 1452446                    /usr/lib/x86_64-linux-gnu/libXau.so.6.0.0
7f344c9aa000-7f344c9cb000 r-xp 00000000 08:08 1453864                    /usr/lib/x86_64-linux-gnu/libxcb.so.1.1.0
7f344c9cb000-7f344cbca000 ---p 00021000 08:08 1453864                    /usr/lib/x86_64-linux-gnu/libxcb.so.1.1.0
7f344cbca000-7f344cbcb000 r--p 00020000 08:08 1453864                    /usr/lib/x86_64-linux-gnu/libxcb.so.1.1.0
7f344cbcb000-7f344cbcc000 rw-p 00021000 08:08 1453864                    /usr/lib/x86_64-linux-gnu/libxcb.so.1.1.0
7f344cbcc000-7f344cbdb000 r-xp 00000000 08:08 1452469                    /usr/lib/x86_64-linux-gnu/libXi.so.6.1.0
7f344cbdb000-7f344cdda000 ---p 0000f000 08:08 1452469                    /usr/lib/x86_64-linux-gnu/libXi.so.6.1.0
7f344cdda000-7f344cddb000 r--p 0000e000 08:08 1452469                    /usr/lib/x86_64-linux-gnu/libXi.so.6.1.0
7f344cddb000-7f344cddc000 rw-p 0000f000 08:08 1452469                    /usr/lib/x86_64-linux-gnu/libXi.so.6.1.0
7f344cddc000-7f344cde1000 r-xp 00000000 08:08 1452487                    /usr/lib/x86_64-linux-gnu/libXtst.so.6.1.0
7f344cde1000-7f344cfe0000 ---p 00005000 08:08 1452487                    /usr/lib/x86_64-linux-gnu/libXtst.so.6.1.0
7f344cfe0000-7f344cfe1000 r--p 00004000 08:08 1452487                    /usr/lib/x86_64-linux-gnu/libXtst.so.6.1.0
7f344cfe1000-7f344cfe2000 rw-p 00005000 08:08 1452487                    /usr/lib/x86_64-linux-gnu/libXtst.so.6.1.0
7f344cfe2000-7f344cfeb000 r-xp 00000000 08:08 1452481                    /usr/lib/x86_64-linux-gnu/libXrender.so.1.3.0
7f344cfeb000-7f344d1ea000 ---p 00009000 08:08 1452481                    /usr/lib/x86_64-linux-gnu/libXrender.so.1.3.0
7f344d1ea000-7f344d1eb000 r--p 00008000 08:08 1452481                    /usr/lib/x86_64-linux-gnu/libXrender.so.1.3.0
7f344d1eb000-7f344d1ec000 rw-p 00009000 08:08 1452481                    /usr/lib/x86_64-linux-gnu/libXrender.so.1.3.0
7f344d1ec000-7f344d321000 r-xp 00000000 08:08 1452442                    /usr/lib/x86_64-linux-gnu/libX11.so.6.3.0
7f344d321000-7f344d521000 ---p 00135000 08:08 1452442                    /usr/lib/x86_64-linux-gnu/libX11.so.6.3.0
7f344d521000-7f344d522000 r--p 00135000 08:08 1452442                    /usr/lib/x86_64-linux-gnu/libX11.so.6.3.0
7f344d522000-7f344d526000 rw-p 00136000 08:08 1452442                    /usr/lib/x86_64-linux-gnu/libX11.so.6.3.0
7f344d526000-7f344d537000 r-xp 00000000 08:08 1452459                    /usr/lib/x86_64-linux-gnu/libXext.so.6.4.0
7f344d537000-7f344d736000 ---p 00011000 08:08 1452459                    /usr/lib/x86_64-linux-gnu/libXext.so.6.4.0
7f344d736000-7f344d737000 r--p 00010000 08:08 1452459                    /usr/lib/x86_64-linux-gnu/libXext.so.6.4.0
7f344d737000-7f344d738000 rw-p 00011000 08:08 1452459                    /usr/lib/x86_64-linux-gnu/libXext.so.6.4.0
7f344d738000-7f344d78c000 r-xp 00000000 08:08 1444835                    /usr/lib/jvm/java-8-openjdk-amd64/jre/lib/amd64/libawt_xawt.so
7f344d78c000-7f344d98c000 ---p 00054000 08:08 1444835                    /usr/lib/jvm/java-8-openjdk-amd64/jre/lib/amd64/libawt_xawt.so
7f344d98c000-7f344d98d000 r--p 00054000 08:08 1444835                    /usr/lib/jvm/java-8-openjdk-amd64/jre/lib/amd64/libawt_xawt.so
7f344d98d000-7f344d990000 rw-p 00055000 08:08 1444835                    /usr/lib/jvm/java-8-openjdk-amd64/jre/lib/amd64/libawt_xawt.so
7f344d990000-7f344d991000 rw-p 00000000 00:00 0 
7f344d991000-7f344e350000 r--p 00000000 08:08 1450867                    /usr/lib/locale/locale-archive
7f344e350000-7f3450000000 rw-p 00000000 00:00 0 
7f3450000000-7f3450021000 rw-p 00000000 00:00 0 
7f3450021000-7f3454000000 ---p 00000000 00:00 0 
7f3454000000-7f3454001000 rw-s 00000000 00:05 38118                      /memfd:xshmfence (deleted)
7f3454001000-7f3454002000 rw-s 00000000 00:05 39652                      /memfd:xshmfence (deleted)
7f3454002000-7f3454022000 rw-s 100620000 00:06 1694                      /dev/dri/card0
7f3454022000-7f34540c2000 r-xp 00000000 08:08 1444829                    /usr/lib/jvm/java-8-openjdk-amd64/jre/lib/amd64/libawt.so
7f34540c2000-7f34542c2000 ---p 000a0000 08:08 1444829                    /usr/lib/jvm/java-8-openjdk-amd64/jre/lib/amd64/libawt.so
7f34542c2000-7f34542c3000 r--p 000a0000 08:08 1444829                    /usr/lib/jvm/java-8-openjdk-amd64/jre/lib/amd64/libawt.so
7f34542c3000-7f34542ce000 rw-p 000a1000 08:08 1444829                    /usr/lib/jvm/java-8-openjdk-amd64/jre/lib/amd64/libawt.so
7f34542ce000-7f34542f3000 rw-p 00000000 00:00 0 
7f34542f3000-7f34542f4000 ---p 00000000 00:00 0 
7f34542f4000-7f34543f4000 rw-p 00000000 00:00 0 
7f34543f4000-7f34543f7000 ---p 00000000 00:00 0 
7f34543f7000-7f34544f5000 rw-p 00000000 00:00 0 
7f34544f5000-7f34544f8000 ---p 00000000 00:00 0 
7f34544f8000-7f34545f6000 rw-p 00000000 00:00 0 
7f34545f6000-7f34545f9000 ---p 00000000 00:00 0 
7f34545f9000-7f34546f7000 rw-p 00000000 00:00 0 
7f34546f7000-7f34546fa000 ---p 00000000 00:00 0 
7f34546fa000-7f34547f8000 rw-p 00000000 00:00 0 
7f34547f8000-7f34547fb000 ---p 00000000 00:00 0 
7f34547fb000-7f34548f9000 rw-p 00000000 00:00 0 
7f34548f9000-7f34548fc000 ---p 00000000 00:00 0 
7f34548fc000-7f34549fa000 rw-p 00000000 00:00 0 
7f34549fa000-7f34549fd000 ---p 00000000 00:00 0 
7f34549fd000-7f3454afb000 rw-p 00000000 00:00 0 
7f3454afb000-7f3454afc000 ---p 00000000 00:00 0 
7f3454afc000-7f3455000000 rw-p 00000000 00:00 0 
7f3455000000-7f3455720000 rwxp 00000000 00:00 0 
7f3455720000-7f3464000000 ---p 00000000 00:00 0 
7f3464000000-7f3464673000 rw-p 00000000 00:00 0 
7f3464673000-7f3468000000 ---p 00000000 00:00 0 
7f3468000000-7f3468001000 rw-s 00000000 00:05 39645                      /memfd:xshmfence (deleted)
7f3468001000-7f3468002000 rw-s 00000000 00:05 35555                      /memfd:xshmfence (deleted)
7f3468002000-7f3468003000 rw-s 00000000 00:05 35543                      /memfd:xshmfence (deleted)
7f3468003000-7f3468004000 rw-s 00000000 00:05 35560                      /memfd:xshmfence (deleted)
7f3468004000-7f3468005000 rw-s 100648000 00:06 1694                      /dev/dri/card0
7f3468005000-7f3468006000 rw-s 00000000 00:05 35182                      /drm mm object (deleted)
7f3468006000-7f346800a000 rw-s 100644000 00:06 1694                      /dev/dri/card0
7f346800a000-7f346800b000 rw-s 100643000 00:06 1694                      /dev/dri/card0
7f346800b000-7f346800d000 rw-s 100641000 00:06 1694                      /dev/dri/card0
7f346800d000-7f346800e000 rw-s 100640000 00:06 1694                      /dev/dri/card0
7f346800e000-7f346800f000 rw-s 10061f000 00:06 1694                      /dev/dri/card0
7f346800f000-7f3468011000 rw-s 10061d000 00:06 1694                      /dev/dri/card0
7f3468011000-7f3468012000 rw-s 10061c000 00:06 1694                      /dev/dri/card0
7f3468012000-7f3468014000 rw-s 10061a000 00:06 1694                      /dev/dri/card0
7f3468014000-7f3468015000 rw-s 100619000 00:06 1694                      /dev/dri/card0
7f3468015000-7f3468017000 rw-s 100617000 00:06 1694                      /dev/dri/card0
7f3468017000-7f3468018000 rw-s 100616000 00:06 1694                      /dev/dri/card0
7f3468018000-7f3468020000 rw-s 10060e000 00:06 1694                      /dev/dri/card0
7f3468020000-7f3468021000 rw-s 10060d000 00:06 1694                      /dev/dri/card0
7f3468021000-7f3468025000 rw-s 100609000 00:06 1694                      /dev/dri/card0
7f3468025000-7f3468026000 rw-s 100608000 00:06 1694                      /dev/dri/card0
7f3468026000-7f3468027000 rw-s 00000000 00:05 35163                      /memfd:xshmfence (deleted)
7f3468027000-7f3468028000 rw-s 00000000 00:05 35549                      /memfd:xshmfence (deleted)
7f3468028000-7f3468029000 rw-s 100289000 00:06 1694                      /dev/dri/card0
7f3468029000-7f3468031000 rw-s 00000000 00:05 35154                      /drm mm object (deleted)
7f3468031000-7f3468036000 r--s 0009a000 08:08 1444804                    /usr/lib/jvm/java-8-openjdk-amd64/jre/lib/jsse.jar
7f3468036000-7f3468049000 r--s 00346000 08:08 1444844                    /usr/lib/jvm/java-8-openjdk-amd64/jre/lib/resources.jar
7f3468049000-7f3468054000 r--s 0029e000 08:08 1318254                    /home/akotadi/Documents/POO/Prctica 5/Prueba/j3dcore.jar
7f3468054000-7f3468062000 r--s 0018b000 08:08 1318255                    /home/akotadi/Documents/POO/Prctica 5/Prueba/j3dutils.jar
7f3468062000-7f346806c000 r--s 00069000 08:08 1318273                    /home/akotadi/Documents/POO/Prctica 5/Prueba/portfolio.jar
7f346806c000-7f3468076000 r--s 00116000 08:08 1444796                    /usr/lib/jvm/java-8-openjdk-amd64/jre/lib/ext/localedata.jar
7f3468076000-7f3468091000 r--s 001d6000 08:08 1444795                    /usr/lib/jvm/java-8-openjdk-amd64/jre/lib/ext/nashorn.jar
7f3468091000-7f34680ac000 r--s 00394000 08:08 1444794                    /usr/lib/jvm/java-8-openjdk-amd64/jre/lib/ext/cldrdata.jar
7f34680ac000-7f3468c68000 rw-p 00000000 00:00 0 
7f3468c68000-7f3468e36000 r--s 03c13000 08:08 1444792                    /usr/lib/jvm/java-8-openjdk-amd64/jre/lib/rt.jar
7f3468e36000-7f3469877000 rw-p 00000000 00:00 0 
7f3469877000-7f3469878000 ---p 00000000 00:00 0 
7f3469878000-7f3469978000 rw-p 00000000 00:00 0 
7f3469978000-7f3469979000 ---p 00000000 00:00 0 
7f3469979000-7f3469a79000 rw-p 00000000 00:00 0 
7f3469a79000-7f3469a7a000 ---p 00000000 00:00 0 
7f3469a7a000-7f3469b7a000 rw-p 00000000 00:00 0 
7f3469b7a000-7f3469b7b000 ---p 00000000 00:00 0 
7f3469b7b000-7f3469c8f000 rw-p 00000000 00:00 0 
7f3469c8f000-7f3469dad000 ---p 00000000 00:00 0 
7f3469dad000-7f3469dc1000 rw-p 00000000 00:00 0 
7f3469dc1000-7f3469edf000 ---p 00000000 00:00 0 
7f3469edf000-7f3469ee9000 rw-p 00000000 00:00 0 
7f3469ee9000-7f3469f78000 ---p 00000000 00:00 0 
7f3469f78000-7f3469f96000 rw-p 00000000 00:00 0 
7f3469f96000-7f346a339000 ---p 00000000 00:00 0 
7f346a339000-7f346a341000 r-xp 00000000 08:08 1444819                    /usr/lib/jvm/java-8-openjdk-amd64/jre/lib/amd64/libzip.so
7f346a341000-7f346a540000 ---p 00008000 08:08 1444819                    /usr/lib/jvm/java-8-openjdk-amd64/jre/lib/amd64/libzip.so
7f346a540000-7f346a541000 r--p 00007000 08:08 1444819                    /usr/lib/jvm/java-8-openjdk-amd64/jre/lib/amd64/libzip.so
7f346a541000-7f346a542000 rw-p 00008000 08:08 1444819                    /usr/lib/jvm/java-8-openjdk-amd64/jre/lib/amd64/libzip.so
7f346a542000-7f346a54d000 r-xp 00000000 08:08 660776                     /lib/x86_64-linux-gnu/libnss_files-2.23.so
7f346a54d000-7f346a74c000 ---p 0000b000 08:08 660776                     /lib/x86_64-linux-gnu/libnss_files-2.23.so
7f346a74c000-7f346a74d000 r--p 0000a000 08:08 660776                     /lib/x86_64-linux-gnu/libnss_files-2.23.so
7f346a74d000-7f346a74e000 rw-p 0000b000 08:08 660776                     /lib/x86_64-linux-gnu/libnss_files-2.23.so
7f346a74e000-7f346a754000 rw-p 00000000 00:00 0 
7f346a754000-7f346a75f000 r-xp 00000000 08:08 660786                     /lib/x86_64-linux-gnu/libnss_nis-2.23.so
7f346a75f000-7f346a95e000 ---p 0000b000 08:08 660786                     /lib/x86_64-linux-gnu/libnss_nis-2.23.so
7f346a95e000-7f346a95f000 r--p 0000a000 08:08 660786                     /lib/x86_64-linux-gnu/libnss_nis-2.23.so
7f346a95f000-7f346a960000 rw-p 0000b000 08:08 660786                     /lib/x86_64-linux-gnu/libnss_nis-2.23.so
7f346a960000-7f346a976000 r-xp 00000000 08:08 660770                     /lib/x86_64-linux-gnu/libnsl-2.23.so
7f346a976000-7f346ab75000 ---p 00016000 08:08 660770                     /lib/x86_64-linux-gnu/libnsl-2.23.so
7f346ab75000-7f346ab76000 r--p 00015000 08:08 660770                     /lib/x86_64-linux-gnu/libnsl-2.23.so
7f346ab76000-7f346ab77000 rw-p 00016000 08:08 660770                     /lib/x86_64-linux-gnu/libnsl-2.23.so
7f346ab77000-7f346ab79000 rw-p 00000000 00:00 0 
7f346ab79000-7f346ab81000 r-xp 00000000 08:08 660772                     /lib/x86_64-linux-gnu/libnss_compat-2.23.so
7f346ab81000-7f346ad80000 ---p 00008000 08:08 660772                     /lib/x86_64-linux-gnu/libnss_compat-2.23.so
7f346ad80000-7f346ad81000 r--p 00007000 08:08 660772                     /lib/x86_64-linux-gnu/libnss_compat-2.23.so
7f346ad81000-7f346ad82000 rw-p 00008000 08:08 660772                     /lib/x86_64-linux-gnu/libnss_compat-2.23.so
7f346ad82000-7f346adaf000 r-xp 00000000 08:08 1444834                    /usr/lib/jvm/java-8-openjdk-amd64/jre/lib/amd64/libjava.so
7f346adaf000-7f346afae000 ---p 0002d000 08:08 1444834                    /usr/lib/jvm/java-8-openjdk-amd64/jre/lib/amd64/libjava.so
7f346afae000-7f346afaf000 r--p 0002c000 08:08 1444834                    /usr/lib/jvm/java-8-openjdk-amd64/jre/lib/amd64/libjava.so
7f346afaf000-7f346afb1000 rw-p 0002d000 08:08 1444834                    /usr/lib/jvm/java-8-openjdk-amd64/jre/lib/amd64/libjava.so
7f346afb1000-7f346afc0000 r-xp 00000000 08:08 1444812                    /usr/lib/jvm/java-8-openjdk-amd64/jre/lib/amd64/libverify.so
7f346afc0000-7f346b1bf000 ---p 0000f000 08:08 1444812                    /usr/lib/jvm/java-8-openjdk-amd64/jre/lib/amd64/libverify.so
7f346b1bf000-7f346b1c1000 r--p 0000e000 08:08 1444812                    /usr/lib/jvm/java-8-openjdk-amd64/jre/lib/amd64/libverify.so
7f346b1c1000-7f346b1c2000 rw-p 00010000 08:08 1444812                    /usr/lib/jvm/java-8-openjdk-amd64/jre/lib/amd64/libverify.so
7f346b1c2000-7f346b1c9000 r-xp 00000000 08:08 660831                     /lib/x86_64-linux-gnu/librt-2.23.so
7f346b1c9000-7f346b3c8000 ---p 00007000 08:08 660831                     /lib/x86_64-linux-gnu/librt-2.23.so
7f346b3c8000-7f346b3c9000 r--p 00006000 08:08 660831                     /lib/x86_64-linux-gnu/librt-2.23.so
7f346b3c9000-7f346b3ca000 rw-p 00007000 08:08 660831                     /lib/x86_64-linux-gnu/librt-2.23.so
7f346b3ca000-7f346b3e0000 r-xp 00000000 08:08 660715                     /lib/x86_64-linux-gnu/libgcc_s.so.1
7f346b3e0000-7f346b5df000 ---p 00016000 08:08 660715                     /lib/x86_64-linux-gnu/libgcc_s.so.1
7f346b5df000-7f346b5e0000 rw-p 00015000 08:08 660715                     /lib/x86_64-linux-gnu/libgcc_s.so.1
7f346b5e0000-7f346b6e8000 r-xp 00000000 08:08 660747                     /lib/x86_64-linux-gnu/libm-2.23.so
7f346b6e8000-7f346b8e7000 ---p 00108000 08:08 660747                     /lib/x86_64-linux-gnu/libm-2.23.so
7f346b8e7000-7f346b8e8000 r--p 00107000 08:08 660747                     /lib/x86_64-linux-gnu/libm-2.23.so
7f346b8e8000-7f346b8e9000 rw-p 00108000 08:08 660747                     /lib/x86_64-linux-gnu/libm-2.23.so
7f346b8e9000-7f346ba5b000 r-xp 00000000 08:08 1442004                    /usr/lib/x86_64-linux-gnu/libstdc++.so.6.0.21
7f346ba5b000-7f346bc5b000 ---p 00172000 08:08 1442004                    /usr/lib/x86_64-linux-gnu/libstdc++.so.6.0.21
7f346bc5b000-7f346bc65000 r--p 00172000 08:08 1442004                    /usr/lib/x86_64-linux-gnu/libstdc++.so.6.0.21
7f346bc65000-7f346bc67000 rw-p 0017c000 08:08 1442004                    /usr/lib/x86_64-linux-gnu/libstdc++.so.6.0.21
7f346bc67000-7f346bc6b000 rw-p 00000000 00:00 0 
7f346bc6b000-7f346c8bf000 r-xp 00000000 08:08 1444818                    /usr/lib/jvm/java-8-openjdk-amd64/jre/lib/amd64/server/libjvm.so
7f346c8bf000-7f346cabf000 ---p 00c54000 08:08 1444818                    /usr/lib/jvm/java-8-openjdk-amd64/jre/lib/amd64/server/libjvm.so
7f346cabf000-7f346cb52000 r--p 00c54000 08:08 1444818                    /usr/lib/jvm/java-8-openjdk-amd64/jre/lib/amd64/server/libjvm.so
7f346cb52000-7f346cb7b000 rw-p 00ce7000 08:08 1444818                    /usr/lib/jvm/java-8-openjdk-amd64/jre/lib/amd64/server/libjvm.so
7f346cb7b000-7f346cbab000 rw-p 00000000 00:00 0 
7f346cbab000-7f346cbc3000 r-xp 00000000 08:08 660823                     /lib/x86_64-linux-gnu/libpthread-2.23.so
7f346cbc3000-7f346cdc2000 ---p 00018000 08:08 660823                     /lib/x86_64-linux-gnu/libpthread-2.23.so
7f346cdc2000-7f346cdc3000 r--p 00017000 08:08 660823                     /lib/x86_64-linux-gnu/libpthread-2.23.so
7f346cdc3000-7f346cdc4000 rw-p 00018000 08:08 660823                     /lib/x86_64-linux-gnu/libpthread-2.23.so
7f346cdc4000-7f346cdc8000 rw-p 00000000 00:00 0 
7f346cdc8000-7f346cdcb000 r-xp 00000000 08:08 660701                     /lib/x86_64-linux-gnu/libdl-2.23.so
7f346cdcb000-7f346cfca000 ---p 00003000 08:08 660701                     /lib/x86_64-linux-gnu/libdl-2.23.so
7f346cfca000-7f346cfcb000 r--p 00002000 08:08 660701                     /lib/x86_64-linux-gnu/libdl-2.23.so
7f346cfcb000-7f346cfcc000 rw-p 00003000 08:08 660701                     /lib/x86_64-linux-gnu/libdl-2.23.so
7f346cfcc000-7f346cfe5000 r-xp 00000000 08:08 660868                     /lib/x86_64-linux-gnu/libz.so.1.2.8
7f346cfe5000-7f346d1e4000 ---p 00019000 08:08 660868                     /lib/x86_64-linux-gnu/libz.so.1.2.8
7f346d1e4000-7f346d1e5000 r--p 00018000 08:08 660868                     /lib/x86_64-linux-gnu/libz.so.1.2.8
7f346d1e5000-7f346d1e6000 rw-p 00019000 08:08 660868                     /lib/x86_64-linux-gnu/libz.so.1.2.8
7f346d1e6000-7f346d3a6000 r-xp 00000000 08:08 660677                     /lib/x86_64-linux-gnu/libc-2.23.so
7f346d3a6000-7f346d5a6000 ---p 001c0000 08:08 660677                     /lib/x86_64-linux-gnu/libc-2.23.so
7f346d5a6000-7f346d5aa000 r--p 001c0000 08:08 660677                     /lib/x86_64-linux-gnu/libc-2.23.so
7f346d5aa000-7f346d5ac000 rw-p 001c4000 08:08 660677                     /lib/x86_64-linux-gnu/libc-2.23.so
7f346d5ac000-7f346d5b0000 rw-p 00000000 00:00 0 
7f346d5b0000-7f346d5bd000 r-xp 00000000 08:08 1444810                    /usr/lib/jvm/java-8-openjdk-amd64/jre/lib/amd64/jli/libjli.so
7f346d5bd000-7f346d7bd000 ---p 0000d000 08:08 1444810                    /usr/lib/jvm/java-8-openjdk-amd64/jre/lib/amd64/jli/libjli.so
7f346d7bd000-7f346d7be000 r--p 0000d000 08:08 1444810                    /usr/lib/jvm/java-8-openjdk-amd64/jre/lib/amd64/jli/libjli.so
7f346d7be000-7f346d7bf000 rw-p 0000e000 08:08 1444810                    /usr/lib/jvm/java-8-openjdk-amd64/jre/lib/amd64/jli/libjli.so
7f346d7bf000-7f346d7e5000 r-xp 00000000 08:08 660649                     /lib/x86_64-linux-gnu/ld-2.23.so
7f346d7e5000-7f346d7e7000 r--s 0004c000 08:08 1318292                    /home/akotadi/Documents/POO/Prctica 5/Prueba/vecmath.jar
7f346d7e7000-7f346d7e9000 r--s 0000a000 08:08 1318272                    /home/akotadi/Documents/POO/Prctica 5/Prueba/MS3DLoader.jar
7f346d7e9000-7f346d7ea000 r--s 00010000 08:08 1444803                    /usr/lib/jvm/java-8-openjdk-amd64/jre/lib/ext/zipfs.jar
7f346d7ea000-7f346d7ec000 r--s 00008000 08:08 1444802                    /usr/lib/jvm/java-8-openjdk-amd64/jre/lib/ext/sunec.jar
7f346d7ec000-7f346d8c3000 rw-p 00000000 00:00 0 
7f346d8c3000-7f346d8c6000 ---p 00000000 00:00 0 
7f346d8c6000-7f346d9c9000 rw-p 00000000 00:00 0 
7f346d9c9000-7f346d9cc000 r--s 0000f000 08:08 1444801                    /usr/lib/jvm/java-8-openjdk-amd64/jre/lib/ext/icedtea-sound.jar
7f346d9cc000-7f346d9ce000 r--s 00001000 08:08 1444798                    /usr/lib/jvm/java-8-openjdk-amd64/jre/lib/ext/dnsns.jar
7f346d9ce000-7f346d9cf000 r--s 0000a000 08:08 1444799                    /usr/lib/jvm/java-8-openjdk-amd64/jre/lib/ext/jaccess.jar
7f346d9cf000-7f346d9d3000 r--s 00037000 08:08 1444797                    /usr/lib/jvm/java-8-openjdk-amd64/jre/lib/ext/sunpkcs11.jar
7f346d9d3000-7f346d9d8000 r--s 0003b000 08:08 1444800                    /usr/lib/jvm/java-8-openjdk-amd64/jre/lib/ext/sunjce_provider.jar
7f346d9d8000-7f346d9e0000 rw-s 00000000 08:08 655536                     /tmp/hsperfdata_akotadi/2558
7f346d9e0000-7f346d9e1000 rw-p 00000000 00:00 0 
7f346d9e1000-7f346d9e2000 r--p 00000000 00:00 0 
7f346d9e2000-7f346d9e4000 rw-p 00000000 00:00 0 
7f346d9e4000-7f346d9e5000 r--p 00025000 08:08 660649                     /lib/x86_64-linux-gnu/ld-2.23.so
7f346d9e5000-7f346d9e6000 rw-p 00026000 08:08 660649                     /lib/x86_64-linux-gnu/ld-2.23.so
7f346d9e6000-7f346d9e7000 rw-p 00000000 00:00 0 
7fff24ce8000-7fff24d09000 rw-p 00000000 00:00 0                          [stack]
7fff24d5b000-7fff24d5d000 r--p 00000000 00:00 0                          [vvar]
7fff24d5d000-7fff24d5f000 r-xp 00000000 00:00 0                          [vdso]
ffffffffff600000-ffffffffff601000 r-xp 00000000 00:00 0                  [vsyscall]

VM Arguments:
java_command: Tamagochi
java_class_path (initial): .:MS3DLoader.jar:portfolio.jar:j3dutils.jar:j3dcore.jar:vecmath.jar
Launcher Type: SUN_STANDARD

Environment Variables:
PATH=/home/akotadi/bin:/home/akotadi/.local/bin:/usr/local/sbin:/usr/local/bin:/usr/sbin:/usr/bin:/sbin:/bin:/usr/games:/usr/local/games:/snap/bin
SHELL=/bin/bash
DISPLAY=:0

Signal Handlers:
SIGSEGV: [libjvm.so+0xa6ad10], sa_mask[0]=11111111011111111101111111111110, sa_flags=SA_RESTART|SA_SIGINFO
SIGBUS: [libjvm.so+0xa6ad10], sa_mask[0]=11111111011111111101111111111110, sa_flags=SA_RESTART|SA_SIGINFO
SIGFPE: [libjvm.so+0x8b3bc0], sa_mask[0]=11111111011111111101111111111110, sa_flags=SA_RESTART|SA_SIGINFO
SIGPIPE: [libjvm.so+0x8b3bc0], sa_mask[0]=11111111011111111101111111111110, sa_flags=SA_RESTART|SA_SIGINFO
SIGXFSZ: [libjvm.so+0x8b3bc0], sa_mask[0]=11111111011111111101111111111110, sa_flags=SA_RESTART|SA_SIGINFO
SIGILL: [libjvm.so+0x8b3bc0], sa_mask[0]=11111111011111111101111111111110, sa_flags=SA_RESTART|SA_SIGINFO
SIGUSR1: SIG_DFL, sa_mask[0]=00000000000000000000000000000000, sa_flags=none
SIGUSR2: [libjvm.so+0x8b3a70], sa_mask[0]=00000000000000000000000000000000, sa_flags=SA_RESTART|SA_SIGINFO
SIGHUP: [libjvm.so+0x8b3f40], sa_mask[0]=11111111011111111101111111111110, sa_flags=SA_RESTART|SA_SIGINFO
SIGINT: [libjvm.so+0x8b3f40], sa_mask[0]=11111111011111111101111111111110, sa_flags=SA_RESTART|SA_SIGINFO
SIGTERM: [libjvm.so+0x8b3f40], sa_mask[0]=11111111011111111101111111111110, sa_flags=SA_RESTART|SA_SIGINFO
SIGQUIT: [libjvm.so+0x8b3f40], sa_mask[0]=11111111011111111101111111111110, sa_flags=SA_RESTART|SA_SIGINFO


---------------  S Y S T E M  ---------------

OS:DISTRIB_ID=Ubuntu
DISTRIB_RELEASE=16.04
DISTRIB_CODENAME=xenial
DISTRIB_DESCRIPTION="Ubuntu 16.04.3 LTS"

uname:Linux 4.10.0-37-generic #41~16.04.1-Ubuntu SMP Fri Oct 6 22:42:59 UTC 2017 x86_64
libc:glibc 2.23 NPTL 2.23 
rlimit: STACK 8192k, CORE 0k, NPROC 14239, NOFILE 1048576, AS infinity
load average:0.29 0.16 0.07

/proc/meminfo:
MemTotal:        3755180 kB
MemFree:         1993112 kB
MemAvailable:    2421616 kB
Buffers:           41928 kB
Cached:           899344 kB
SwapCached:            0 kB
Active:           962164 kB
Inactive:         630816 kB
Active(anon):     661044 kB
Inactive(anon):   317796 kB
Active(file):     301120 kB
Inactive(file):   313020 kB
Unevictable:          32 kB
Mlocked:              32 kB
SwapTotal:       3904508 kB
SwapFree:        3904508 kB
Dirty:                32 kB
Writeback:             0 kB
AnonPages:        634592 kB
Mapped:           246732 kB
Shmem:            327024 kB
Slab:              81536 kB
SReclaimable:      45212 kB
SUnreclaim:        36324 kB
KernelStack:        5296 kB
PageTables:        17296 kB
NFS_Unstable:          0 kB
Bounce:                0 kB
WritebackTmp:          0 kB
CommitLimit:     5782096 kB
Committed_AS:    3624504 kB
VmallocTotal:   34359738367 kB
VmallocUsed:           0 kB
VmallocChunk:          0 kB
HardwareCorrupted:     0 kB
AnonHugePages:    247808 kB
ShmemHugePages:        0 kB
ShmemPmdMapped:        0 kB
CmaTotal:              0 kB
CmaFree:               0 kB
HugePages_Total:       0
HugePages_Free:        0
HugePages_Rsvd:        0
HugePages_Surp:        0
Hugepagesize:       2048 kB
DirectMap4k:      108956 kB
DirectMap2M:     3794944 kB
DirectMap1G:     1048576 kB


CPU:total 4 (initial active 4) (2 cores per cpu, 2 threads per core) family 6 model 142 stepping 9, cmov, cx8, fxsr, mmx, sse, sse2, sse3, ssse3, sse4.1, sse4.2, popcnt, avx, avx2, aes, clmul, erms, 3dnowpref, lzcnt, ht, tsc, tscinvbit, bmi1, bmi2, adx

/proc/cpuinfo:
processor	: 0
vendor_id	: GenuineIntel
cpu family	: 6
model		: 142
model name	: Intel(R) Core(TM) i5-7200U CPU @ 2.50GHz
stepping	: 9
microcode	: 0x62
cpu MHz		: 3006.848
cache size	: 3072 KB
physical id	: 0
siblings	: 4
core id		: 0
cpu cores	: 2
apicid		: 0
initial apicid	: 0
fpu		: yes
fpu_exception	: yes
cpuid level	: 22
wp		: yes
flags		: fpu vme de pse tsc msr pae mce cx8 apic sep mtrr pge mca cmov pat pse36 clflush dts acpi mmx fxsr sse sse2 ss ht tm pbe syscall nx pdpe1gb rdtscp lm constant_tsc art arch_perfmon pebs bts rep_good nopl xtopology nonstop_tsc aperfmperf tsc_known_freq pni pclmulqdq dtes64 monitor ds_cpl vmx est tm2 ssse3 sdbg fma cx16 xtpr pdcm pcid sse4_1 sse4_2 x2apic movbe popcnt tsc_deadline_timer aes xsave avx f16c rdrand lahf_lm abm 3dnowprefetch epb intel_pt tpr_shadow vnmi flexpriority ept vpid fsgsbase tsc_adjust bmi1 avx2 smep bmi2 erms invpcid mpx rdseed adx smap clflushopt xsaveopt xsavec xgetbv1 xsaves dtherm ida arat pln pts hwp hwp_notify hwp_act_window hwp_epp
bugs		:
bogomips	: 5424.00
clflush size	: 64
cache_alignment	: 64
address sizes	: 39 bits physical, 48 bits virtual
power management:

processor	: 1
vendor_id	: GenuineIntel
cpu family	: 6
model		: 142
model name	: Intel(R) Core(TM) i5-7200U CPU @ 2.50GHz
stepping	: 9
microcode	: 0x62
cpu MHz		: 1817.523
cache size	: 3072 KB
physical id	: 0
siblings	: 4
core id		: 1
cpu cores	: 2
apicid		: 2
initial apicid	: 2
fpu		: yes
fpu_exception	: yes
cpuid level	: 22
wp		: yes
flags		: fpu vme de pse tsc msr pae mce cx8 apic sep mtrr pge mca cmov pat pse36 clflush dts acpi mmx fxsr sse sse2 ss ht tm pbe syscall nx pdpe1gb rdtscp lm constant_tsc art arch_perfmon pebs bts rep_good nopl xtopology nonstop_tsc aperfmperf tsc_known_freq pni pclmulqdq dtes64 monitor ds_cpl vmx est tm2 ssse3 sdbg fma cx16 xtpr pdcm pcid sse4_1 sse4_2 x2apic movbe popcnt tsc_deadline_timer aes xsave avx f16c rdrand lahf_lm abm 3dnowprefetch epb intel_pt tpr_shadow vnmi flexpriority ept vpid fsgsbase tsc_adjust bmi1 avx2 smep bmi2 erms invpcid mpx rdseed adx smap clflushopt xsaveopt xsavec xgetbv1 xsaves dtherm ida arat pln pts hwp hwp_notify hwp_act_window hwp_epp
bugs		:
bogomips	: 5424.00
clflush size	: 64
cache_alignment	: 64
address sizes	: 39 bits physical, 48 bits virtual
power management:

processor	: 2
vendor_id	: GenuineIntel
cpu family	: 6
model		: 142
model name	: Intel(R) Core(TM) i5-7200U CPU @ 2.50GHz
stepping	: 9
microcode	: 0x62
cpu MHz		: 2870.562
cache size	: 3072 KB
physical id	: 0
siblings	: 4
core id		: 0
cpu cores	: 2
apicid		: 1
initial apicid	: 1
fpu		: yes
fpu_exception	: yes
cpuid level	: 22
wp		: yes
flags		: fpu vme de pse tsc msr pae mce cx8 apic sep mtrr pge mca cmov pat pse36 clflush dts acpi mmx fxsr sse sse2 ss ht tm pbe syscall nx pdpe1gb rdtscp lm constant_tsc art arch_perfmon pebs bts rep_good nopl xtopology nonstop_tsc aperfmperf tsc_known_freq pni pclmulqdq dtes64 monitor ds_cpl vmx est tm2 ssse3 sdbg fma cx16 xtpr pdcm pcid sse4_1 sse4_2 x2apic movbe popcnt tsc_deadline_timer aes xsave avx f16c rdrand lahf_lm abm 3dnowprefetch epb intel_pt tpr_shadow vnmi flexpriority ept vpid fsgsbase tsc_adjust bmi1 avx2 smep bmi2 erms invpcid mpx rdseed adx smap clflushopt xsaveopt xsavec xgetbv1 xsaves dtherm ida arat pln pts hwp hwp_notify hwp_act_window hwp_epp
bugs		:
bogomips	: 5424.00
clflush size	: 64
cache_alignment	: 64
address sizes	: 39 bits physical, 48 bits virtual
power management:

processor	: 3
vendor_id	: GenuineIntel
cpu family	: 6
model		: 142
model name	: Intel(R) Core(TM) i5-7200U CPU @ 2.50GHz
stepping	: 9
microcode	: 0x62
cpu MHz		: 3012.615
cache size	: 3072 KB
physical id	: 0
siblings	: 4
core id		: 1
cpu cores	: 2
apicid		: 3
initial apicid	: 3
fpu		: yes
fpu_exception	: yes
cpuid level	: 22
wp		: yes
flags		: fpu vme de pse tsc msr pae mce cx8 apic sep mtrr pge mca cmov pat pse36 clflush dts acpi mmx fxsr sse sse2 ss ht tm pbe syscall nx pdpe1gb rdtscp lm constant_tsc art arch_perfmon pebs bts rep_good nopl xtopology nonstop_tsc aperfmperf tsc_known_freq pni pclmulqdq dtes64 monitor ds_cpl vmx est tm2 ssse3 sdbg fma cx16 xtpr pdcm pcid sse4_1 sse4_2 x2apic movbe popcnt tsc_deadline_timer aes xsave avx f16c rdrand lahf_lm abm 3dnowprefetch epb intel_pt tpr_shadow vnmi flexpriority ept vpid fsgsbase tsc_adjust bmi1 avx2 smep bmi2 erms invpcid mpx rdseed adx smap clflushopt xsaveopt xsavec xgetbv1 xsaves dtherm ida arat pln pts hwp hwp_notify hwp_act_window hwp_epp
bugs		:
bogomips	: 5424.00
clflush size	: 64
cache_alignment	: 64
address sizes	: 39 bits physical, 48 bits virtual
power management:



Memory: 4k page, physical 3755180k(2003532k free), swap 3904508k(3904508k free)

vm_info: OpenJDK 64-Bit Server VM (25.131-b11) for linux-amd64 JRE (1.8.0_131-8u131-b11-2ubuntu1.16.04.3-b11), built on Jul 28 2017 01:23:32 by "buildd" with gcc 5.4.0 20160609

time: Thu Oct 26 07:19:25 2017
elapsed time: 246 seconds (0d 0h 4m 6s)

