
     | | | | | | |
   _________________
  -|               |-
  -|               |-
  -|               |-
  -|    CYPRESS    |-
  -|               |-
  -|               |-   Warp VHDL Synthesis Compiler: Version 6.3 IR 35
  -|               |-   Copyright (C) 1991-2001 Cypress Semiconductor
   |_______________|
     | | | | | | |

======================================================================
Compiling:  multiplicador.vhd
Options:    -yu -e10 -w100 -o2 -ygs -fP -v10 -dc22v10 -ppalc22v10d-25pc -b multiplicador.vhd -u multilplicador.hie
======================================================================

vhdlfe V6.3 IR 35:  VHDL parser
Mon Oct 16 10:53:37 2017

Library 'work' => directory 'lc22v10'
Linking 'C:\Archivos de programa\Cypress\Warp\bin\std.vhd'.
Linking 'C:\Archivos de programa\Cypress\Warp\lib\common\cypress.vhd'.
Linking 'C:\Archivos de programa\Cypress\Warp\lib\common\work\cypress.vif'.
Library 'ieee' => directory 'C:\Archivos de programa\Cypress\Warp\lib\ieee\work'
Linking 'C:\Archivos de programa\Cypress\Warp\lib\ieee\work\stdlogic.vif'.

vhdlfe:  No errors.


tovif V6.3 IR 35:  High-level synthesis
Mon Oct 16 10:53:37 2017

Linking 'C:\Archivos de programa\Cypress\Warp\bin\std.vhd'.
Linking 'C:\Archivos de programa\Cypress\Warp\lib\common\cypress.vhd'.
Linking 'C:\Archivos de programa\Cypress\Warp\lib\common\work\cypress.vif'.
Linking 'C:\Archivos de programa\Cypress\Warp\lib\ieee\work\stdlogic.vif'.

tovif:  No errors.


topld V6.3 IR 35:  Synthesis and optimization
Mon Oct 16 10:53:37 2017

Linking 'C:\Archivos de programa\Cypress\Warp\bin\std.vhd'.
Linking 'C:\Archivos de programa\Cypress\Warp\lib\common\cypress.vhd'.
Linking 'C:\Archivos de programa\Cypress\Warp\lib\common\work\cypress.vif'.
Linking 'C:\Archivos de programa\Cypress\Warp\lib\ieee\work\stdlogic.vif'.

----------------------------------------------------------
Detecting unused logic.
----------------------------------------------------------



------------------------------------------------------
Alias Detection
------------------------------------------------------

------------------------------------------------------
Aliased 0 equations, 0 wires.
------------------------------------------------------

----------------------------------------------------------
Circuit simplification
----------------------------------------------------------

----------------------------------------------------------
Circuit simplification results:

	Expanded 0 signals.
	Turned 0 signals into soft nodes.
	Maximum default expansion cost was set at 10.
----------------------------------------------------------
Created 8 PLD nodes.

topld:  No errors.

----------------------------------------------------------------------------
PLD Optimizer Software:       DSGNOPT.EXE    31/03/2000  [v4.02 ] 6.3 IR 35

DESIGN HEADER INFORMATION  (10:53:38)

Input File(s): multiplicador.pla
Device       : C22V10
Package      : palc22v10d-25pc
ReportFile   : multiplicador.rpt

Program Controls:
    COMMAND LANGUAGE_VHDL 
    COMMAND PROPERTY BUS_HOLD ENABLE 

Signal Requests:
    GROUP USEPOL ALL
    GROUP FAST_SLEW ALL

Completed Successfully  
----------------------------------------------------------------------------
PLD Optimizer Software:       DSGNOPT.EXE    31/03/2000  [v4.02 ] 6.3 IR 35

OPTIMIZATION OPTIONS       (10:53:38)

Messages:
  Information: Optimizing logic using best output polarity for signals:
         p(1) p(2)

  Information: Selected logic optimization OFF for signals:
         p(0) p(3)



Summary:
                 Error Count = 0      Warning Count = 0

Completed Successfully  
----------------------------------------------------------------------------
PLD Optimizer Software:       MINOPT.EXE     01/NOV/1999  [v4.02 ] 6.3 IR 35

LOGIC MINIMIZATION         ()

Messages:


Summary:
                 Error Count = 0      Warning Count = 0

Completed Successfully
----------------------------------------------------------------------------
PLD Optimizer Software:       DSGNOPT.EXE    31/03/2000  [v4.02 ] 6.3 IR 35

OPTIMIZATION OPTIONS       (10:53:38)

Messages:
  Information: Optimizing Banked Preset/Reset requirements.


Summary:
                 Error Count = 0      Warning Count = 0

Completed Successfully  
----------------------------------------------------------------------------
PLD Compiler Software:        PLA2JED.EXE    31/03/2000  [v4.02 ] 6.3 IR 35

<CYPRESSTAG name="Equations" icon=FILE_RPT_EQUATION>
DESIGN EQUATIONS           (10:53:38)
</CYPRESSTAG>

    p(0) =
          a(0) * b(0) 

    p(1) =
          /a(0) * a(1) * b(0) 
        + a(0) * /a(1) * b(1) 
        + a(0) * /b(0) * b(1) 
        + a(1) * b(0) * /b(1) 

    p(2) =
          /a(0) * a(1) * b(1) 
        + a(1) * /b(0) * b(1) 

    p(3) =
          a(0) * a(1) * b(0) * b(1) 


Completed Successfully  
----------------------------------------------------------------------------
PLD Compiler Software:        PLA2JED.EXE    31/03/2000  [v4.02 ] 6.3 IR 35

DESIGN RULE CHECK          (10:53:38)

Messages:
                 None.


Summary:
                 Error Count = 0      Warning Count = 0

Completed Successfully  
----------------------------------------------------------------------------
PLD Compiler Software:        PLA2JED.EXE    31/03/2000  [v4.02 ] 6.3 IR 35

<CYPRESSTAG name="Pinout" icon=FILE_RPT_PINOUT>
PINOUT INFORMATION   (10:53:38)
</CYPRESSTAG>
Messages:
  Information: Checking for duplicate NODE logic.
                 None.


                                 C22V10
                 __________________________________________
           b(1) =| 1|                                  |24|* not used       
           b(0) =| 2|                                  |23|* not used       
           a(1) =| 3|                                  |22|* not used       
           a(0) =| 4|                                  |21|* not used       
       not used *| 5|                                  |20|* not used       
       not used *| 6|                                  |19|* not used       
       not used *| 7|                                  |18|= p(0)           
       not used *| 8|                                  |17|= p(1)           
       not used *| 9|                                  |16|= p(2)           
       not used *|10|                                  |15|= p(3)           
       not used *|11|                                  |14|* not used       
       not used *|12|                                  |13|* not used       
                 __________________________________________


Summary:
                 Error Count = 0      Warning Count = 0

Completed Successfully  
----------------------------------------------------------------------------
PLD Compiler Software:        PLA2JED.EXE    31/03/2000  [v4.02 ] 6.3 IR 35

<CYPRESSTAG name="Utilization" icon=FILE_RPT_UTILIZATION>
RESOURCE UTILIZATION (10:53:38)
</CYPRESSTAG>
  Information: Macrocell Utilization.

                     Description        Used     Max
                 ______________________________________
                 | Dedicated Inputs   |    3  |   11  |
                 | Clock/Inputs       |    1  |    1  |
                 | I/O Macrocells     |    4  |   10  |
                 ______________________________________
                                           8  /   22   = 36  %


  Information: Output Logic Product Term Utilization.

                  Node#  Output Signal Name  Used   Max
                 ________________________________________
                 | 14  |  Unused          |   0  |   8  |
                 | 15  |  p(3)            |   1  |  10  |
                 | 16  |  p(2)            |   2  |  12  |
                 | 17  |  p(1)            |   4  |  14  |
                 | 18  |  p(0)            |   1  |  16  |
                 | 19  |  Unused          |   0  |  16  |
                 | 20  |  Unused          |   0  |  14  |
                 | 21  |  Unused          |   0  |  12  |
                 | 22  |  Unused          |   0  |  10  |
                 | 23  |  Unused          |   0  |   8  |
                 | 25  |  Unused          |   0  |   1  |
                 ________________________________________
                                              8  / 121   = 6   %


Completed Successfully  
----------------------------------------------------------------------------
PLD Compiler Software:        PLA2JED.EXE    31/03/2000  [v4.02 ] 6.3 IR 35

JEDEC ASSEMBLE             (10:53:38)

Messages:
  Information: Output file 'multiplicador.pin' created.
  Information: Output file 'multiplicador.jed' created.

  Usercode:    
  Checksum:    4191



Summary:
                 Error Count = 0      Warning Count = 0

Completed Successfully at 10:53:38
