
vhdlfe V6.3 IR 35:  VHDL parser
Sun Oct 22 20:58:41 2017

Setting library 'work' to directory 'lc22v10'

vhdlfe:  No errors.


vhdlfe V6.3 IR 35:  VHDL parser
Sun Oct 22 21:00:23 2017

Setting library 'work' to directory 'lc22v10'

vhdlfe:  No errors.


vhdlfe V6.3 IR 35:  VHDL parser
Sun Oct 22 21:00:33 2017

Setting library 'work' to directory 'lc22v10'

vhdlfe:  No errors.


vhdlfe V6.3 IR 35:  VHDL parser
Sun Oct 22 21:00:52 2017

Setting library 'work' to directory 'lc22v10'

vhdlfe:  No errors.


vhdlfe V6.3 IR 35:  VHDL parser
Mon Oct 23 11:11:39 2017

Setting library 'work' to directory 'lc22v10'

vhdlfe:  No errors.

